[2019-03-30 08:44:34.094] [exthost] [info] extension host started
[2019-03-30 08:44:34.114] [exthost] [info] ExtensionService#_doActivateExtension vscode.debug-auto-launch {"startup":true,"activationEvent":"*"}
[2019-03-30 08:44:34.114] [exthost] [info] ExtensionService#loadCommonJSModule /usr/share/code/resources/app/extensions/debug-auto-launch/dist/extension
[2019-03-30 08:44:34.118] [exthost] [info] ExtensionService#_doActivateExtension vscode.emmet {"startup":true,"activationEvent":"*"}
[2019-03-30 08:44:34.118] [exthost] [info] ExtensionService#loadCommonJSModule /usr/share/code/resources/app/extensions/emmet/dist/extension
[2019-03-30 08:44:34.144] [exthost] [info] ExtensionService#_doActivateExtension vscode.git {"startup":true,"activationEvent":"*"}
[2019-03-30 08:44:34.144] [exthost] [info] ExtensionService#loadCommonJSModule /usr/share/code/resources/app/extensions/git/dist/main
[2019-03-30 08:44:34.278] [exthost] [info] ExtensionService#_doActivateExtension vscode.merge-conflict {"startup":true,"activationEvent":"*"}
[2019-03-30 08:44:34.278] [exthost] [info] ExtensionService#loadCommonJSModule /usr/share/code/resources/app/extensions/merge-conflict/dist/extension
[2019-03-30 08:44:34.295] [exthost] [info] ExtensionService#_doActivateExtension vscodevim.vim {"startup":true,"activationEvent":"*"}
[2019-03-30 08:44:34.295] [exthost] [info] ExtensionService#loadCommonJSModule /home/dave/.vscode/extensions/vscodevim.vim-1.2.0/out/extension
[2019-03-30 08:44:35.620] [exthost] [info] ExtensionService#_doActivateExtension geequlim.godot-tools {"startup":false,"activationEvent":"onLanguage:gdscript"}
[2019-03-30 08:44:35.620] [exthost] [info] ExtensionService#loadCommonJSModule /home/dave/.vscode/extensions/geequlim.godot-tools-0.3.7/out/src/extension
[2019-03-30 08:44:35.714] [exthost] [info] eager extensions activated
[2019-03-30 08:45:14.832] [exthost] [info] ExtensionService#_doActivateExtension vscode.configuration-editing {"startup":false,"activationEvent":"onLanguage:jsonc"}
[2019-03-30 08:45:14.832] [exthost] [info] ExtensionService#loadCommonJSModule /usr/share/code/resources/app/extensions/configuration-editing/dist/extension
[2019-03-30 08:45:14.932] [exthost] [info] ExtensionService#_doActivateExtension vscode.json-language-features {"startup":false,"activationEvent":"onLanguage:jsonc"}
[2019-03-30 08:45:14.932] [exthost] [info] ExtensionService#loadCommonJSModule /usr/share/code/resources/app/extensions/json-language-features/client/dist/jsonMain
[2019-03-30 08:45:15.026] [exthost] [info] ExtensionService#_doActivateExtension vscode.typescript-language-features {"startup":false,"activationEvent":"onLanguage:jsonc"}
[2019-03-30 08:45:15.026] [exthost] [info] ExtensionService#loadCommonJSModule /usr/share/code/resources/app/extensions/typescript-language-features/dist/extension
[2019-03-30 08:47:22.193] [exthost] [error] [geequlim.godot-tools] provider FAILED
[2019-03-30 08:47:22.195] [exthost] [error] TypeError: Cannot read property 'start' of undefined
	at Object.getSelectedContent (/home/dave/.vscode/extensions/geequlim.godot-tools-0.3.7/out/src/gdscript/utils.js:11:45)
	at GDScriptHoverProvider.provideHover (/home/dave/.vscode/extensions/geequlim.godot-tools-0.3.7/out/src/gdscript/hoverprovider.js:15:33)
	at define.provideHover.a.asPromise (/usr/share/code/resources/app/out/vs/workbench/services/extensions/node/extensionHostProcess.js:563:397)
	at t.asPromise.Promise (/usr/share/code/resources/app/out/vs/workbench/services/extensions/node/extensionHostProcess.js:48:58)
	at new Promise (<anonymous>)
	at Object.t.asPromise (/usr/share/code/resources/app/out/vs/workbench/services/extensions/node/extensionHostProcess.js:48:32)
	at S.provideHover (/usr/share/code/resources/app/out/vs/workbench/services/extensions/node/extensionHostProcess.js:563:368)
	at define.$provideHover._withAdapter.e (/usr/share/code/resources/app/out/vs/workbench/services/extensions/node/extensionHostProcess.js:579:329)
	at $._withAdapter (/usr/share/code/resources/app/out/vs/workbench/services/extensions/node/extensionHostProcess.js:575:502)
	at $provideHover (/usr/share/code/resources/app/out/vs/workbench/services/extensions/node/extensionHostProcess.js:579:307)
	at h._doInvokeHandler (/usr/share/code/resources/app/out/vs/workbench/services/extensions/node/extensionHostProcess.js:593:118)
	at h._invokeHandler (/usr/share/code/resources/app/out/vs/workbench/services/extensions/node/extensionHostProcess.js:592:777)
	at h._receiveRequest (/usr/share/code/resources/app/out/vs/workbench/services/extensions/node/extensionHostProcess.js:591:383)
	at h._receiveOneMessage (/usr/share/code/resources/app/out/vs/workbench/services/extensions/node/extensionHostProcess.js:590:279)
	at define.constructor._protocol.onMessage.e (/usr/share/code/resources/app/out/vs/workbench/services/extensions/node/extensionHostProcess.js:588:565)
	at u.fire (/usr/share/code/resources/app/out/vs/workbench/services/extensions/node/extensionHostProcess.js:43:254)
	at e (/usr/share/code/resources/app/out/vs/workbench/services/extensions/node/extensionHostProcess.js:39:64)
	at u.fire (/usr/share/code/resources/app/out/vs/workbench/services/extensions/node/extensionHostProcess.js:43:254)
	at s (/usr/share/code/resources/app/out/vs/workbench/services/extensions/node/extensionHostProcess.js:168:754)
	at Socket.define.constructor._socketDataListener.e (/usr/share/code/resources/app/out/vs/workbench/services/extensions/node/extensionHostProcess.js:168:960)
	at Socket.emit (events.js:182:13)
	at addChunk (_stream_readable.js:279:12)
	at readableAddChunk (_stream_readable.js:264:11)
	at Socket.Readable.push (_stream_readable.js:219:10)
	at Pipe.onread (net.js:636:20)
[2019-03-30 08:47:32.169] [exthost] [error] [geequlim.godot-tools] provider FAILED
[2019-03-30 08:47:32.169] [exthost] [error] TypeError: Cannot read property 'start' of undefined
	at Object.getSelectedContent (/home/dave/.vscode/extensions/geequlim.godot-tools-0.3.7/out/src/gdscript/utils.js:11:45)
	at GDScriptHoverProvider.provideHover (/home/dave/.vscode/extensions/geequlim.godot-tools-0.3.7/out/src/gdscript/hoverprovider.js:15:33)
	at define.provideHover.a.asPromise (/usr/share/code/resources/app/out/vs/workbench/services/extensions/node/extensionHostProcess.js:563:397)
	at t.asPromise.Promise (/usr/share/code/resources/app/out/vs/workbench/services/extensions/node/extensionHostProcess.js:48:58)
	at new Promise (<anonymous>)
	at Object.t.asPromise (/usr/share/code/resources/app/out/vs/workbench/services/extensions/node/extensionHostProcess.js:48:32)
	at S.provideHover (/usr/share/code/resources/app/out/vs/workbench/services/extensions/node/extensionHostProcess.js:563:368)
	at define.$provideHover._withAdapter.e (/usr/share/code/resources/app/out/vs/workbench/services/extensions/node/extensionHostProcess.js:579:329)
	at $._withAdapter (/usr/share/code/resources/app/out/vs/workbench/services/extensions/node/extensionHostProcess.js:575:502)
	at $provideHover (/usr/share/code/resources/app/out/vs/workbench/services/extensions/node/extensionHostProcess.js:579:307)
	at h._doInvokeHandler (/usr/share/code/resources/app/out/vs/workbench/services/extensions/node/extensionHostProcess.js:593:118)
	at h._invokeHandler (/usr/share/code/resources/app/out/vs/workbench/services/extensions/node/extensionHostProcess.js:592:777)
	at h._receiveRequest (/usr/share/code/resources/app/out/vs/workbench/services/extensions/node/extensionHostProcess.js:591:383)
	at h._receiveOneMessage (/usr/share/code/resources/app/out/vs/workbench/services/extensions/node/extensionHostProcess.js:590:279)
	at define.constructor._protocol.onMessage.e (/usr/share/code/resources/app/out/vs/workbench/services/extensions/node/extensionHostProcess.js:588:565)
	at u.fire (/usr/share/code/resources/app/out/vs/workbench/services/extensions/node/extensionHostProcess.js:43:254)
	at e (/usr/share/code/resources/app/out/vs/workbench/services/extensions/node/extensionHostProcess.js:39:64)
	at u.fire (/usr/share/code/resources/app/out/vs/workbench/services/extensions/node/extensionHostProcess.js:43:254)
	at s (/usr/share/code/resources/app/out/vs/workbench/services/extensions/node/extensionHostProcess.js:168:754)
	at Socket.define.constructor._socketDataListener.e (/usr/share/code/resources/app/out/vs/workbench/services/extensions/node/extensionHostProcess.js:168:960)
	at Socket.emit (events.js:182:13)
	at addChunk (_stream_readable.js:279:12)
	at readableAddChunk (_stream_readable.js:264:11)
	at Socket.Readable.push (_stream_readable.js:219:10)
	at Pipe.onread (net.js:636:20)
[2019-03-30 08:48:10.087] [exthost] [error] [geequlim.godot-tools] provider FAILED
[2019-03-30 08:48:10.087] [exthost] [error] TypeError: Cannot read property 'indexOf' of undefined
	at Config.normalizePath (/home/dave/.vscode/extensions/geequlim.godot-tools-0.3.7/out/src/config.js:47:18)
	at getHoverText (/home/dave/.vscode/extensions/geequlim.godot-tools-0.3.7/out/src/gdscript/hoverprovider.js:37:63)
	at genWorkspaceTips (/home/dave/.vscode/extensions/geequlim.godot-tools-0.3.7/out/src/gdscript/hoverprovider.js:62:47)
	at GDScriptHoverProvider.provideHover (/home/dave/.vscode/extensions/geequlim.godot-tools-0.3.7/out/src/gdscript/hoverprovider.js:162:9)
	at define.provideHover.a.asPromise (/usr/share/code/resources/app/out/vs/workbench/services/extensions/node/extensionHostProcess.js:563:397)
	at t.asPromise.Promise (/usr/share/code/resources/app/out/vs/workbench/services/extensions/node/extensionHostProcess.js:48:58)
	at new Promise (<anonymous>)
	at Object.t.asPromise (/usr/share/code/resources/app/out/vs/workbench/services/extensions/node/extensionHostProcess.js:48:32)
	at S.provideHover (/usr/share/code/resources/app/out/vs/workbench/services/extensions/node/extensionHostProcess.js:563:368)
	at define.$provideHover._withAdapter.e (/usr/share/code/resources/app/out/vs/workbench/services/extensions/node/extensionHostProcess.js:579:329)
	at $._withAdapter (/usr/share/code/resources/app/out/vs/workbench/services/extensions/node/extensionHostProcess.js:575:502)
	at $provideHover (/usr/share/code/resources/app/out/vs/workbench/services/extensions/node/extensionHostProcess.js:579:307)
	at h._doInvokeHandler (/usr/share/code/resources/app/out/vs/workbench/services/extensions/node/extensionHostProcess.js:593:118)
	at h._invokeHandler (/usr/share/code/resources/app/out/vs/workbench/services/extensions/node/extensionHostProcess.js:592:777)
	at h._receiveRequest (/usr/share/code/resources/app/out/vs/workbench/services/extensions/node/extensionHostProcess.js:591:383)
	at h._receiveOneMessage (/usr/share/code/resources/app/out/vs/workbench/services/extensions/node/extensionHostProcess.js:590:279)
	at define.constructor._protocol.onMessage.e (/usr/share/code/resources/app/out/vs/workbench/services/extensions/node/extensionHostProcess.js:588:565)
	at u.fire (/usr/share/code/resources/app/out/vs/workbench/services/extensions/node/extensionHostProcess.js:43:254)
	at e (/usr/share/code/resources/app/out/vs/workbench/services/extensions/node/extensionHostProcess.js:39:64)
	at u.fire (/usr/share/code/resources/app/out/vs/workbench/services/extensions/node/extensionHostProcess.js:43:254)
	at s (/usr/share/code/resources/app/out/vs/workbench/services/extensions/node/extensionHostProcess.js:168:754)
	at Socket.define.constructor._socketDataListener.e (/usr/share/code/resources/app/out/vs/workbench/services/extensions/node/extensionHostProcess.js:168:960)
	at Socket.emit (events.js:182:13)
	at addChunk (_stream_readable.js:279:12)
	at readableAddChunk (_stream_readable.js:264:11)
	at Socket.Readable.push (_stream_readable.js:219:10)
	at Pipe.onread (net.js:636:20)
[2019-03-30 08:51:27.050] [exthost] [error] [geequlim.godot-tools] provider FAILED
[2019-03-30 08:51:27.050] [exthost] [error] TypeError: Cannot read property 'indexOf' of undefined
	at Config.normalizePath (/home/dave/.vscode/extensions/geequlim.godot-tools-0.3.7/out/src/config.js:47:18)
	at Config.getWorkspaceCompletionItems (/home/dave/.vscode/extensions/geequlim.godot-tools-0.3.7/out/src/config.js:165:35)
	at GDScriptCompletionItemProvider.provideCompletionItems (/home/dave/.vscode/extensions/geequlim.godot-tools-0.3.7/out/src/gdscript/completion.js:35:49)
	at define.provideCompletionItems.a.asPromise (/usr/share/code/resources/app/out/vs/workbench/services/extensions/node/extensionHostProcess.js:569:293)
	at t.asPromise.Promise (/usr/share/code/resources/app/out/vs/workbench/services/extensions/node/extensionHostProcess.js:48:58)
	at new Promise (<anonymous>)
	at Object.t.asPromise (/usr/share/code/resources/app/out/vs/workbench/services/extensions/node/extensionHostProcess.js:48:32)
	at O.provideCompletionItems (/usr/share/code/resources/app/out/vs/workbench/services/extensions/node/extensionHostProcess.js:569:264)
	at define.$provideCompletionItems._withAdapter.e (/usr/share/code/resources/app/out/vs/workbench/services/extensions/node/extensionHostProcess.js:582:811)
	at $._withAdapter (/usr/share/code/resources/app/out/vs/workbench/services/extensions/node/extensionHostProcess.js:575:502)
	at $provideCompletionItems (/usr/share/code/resources/app/out/vs/workbench/services/extensions/node/extensionHostProcess.js:582:789)
	at h._doInvokeHandler (/usr/share/code/resources/app/out/vs/workbench/services/extensions/node/extensionHostProcess.js:593:118)
	at h._invokeHandler (/usr/share/code/resources/app/out/vs/workbench/services/extensions/node/extensionHostProcess.js:592:777)
	at h._receiveRequest (/usr/share/code/resources/app/out/vs/workbench/services/extensions/node/extensionHostProcess.js:591:383)
	at h._receiveOneMessage (/usr/share/code/resources/app/out/vs/workbench/services/extensions/node/extensionHostProcess.js:590:279)
	at define.constructor._protocol.onMessage.e (/usr/share/code/resources/app/out/vs/workbench/services/extensions/node/extensionHostProcess.js:588:565)
	at u.fire (/usr/share/code/resources/app/out/vs/workbench/services/extensions/node/extensionHostProcess.js:43:254)
	at e (/usr/share/code/resources/app/out/vs/workbench/services/extensions/node/extensionHostProcess.js:39:64)
	at u.fire (/usr/share/code/resources/app/out/vs/workbench/services/extensions/node/extensionHostProcess.js:43:254)
	at s (/usr/share/code/resources/app/out/vs/workbench/services/extensions/node/extensionHostProcess.js:168:754)
	at Socket.define.constructor._socketDataListener.e (/usr/share/code/resources/app/out/vs/workbench/services/extensions/node/extensionHostProcess.js:168:960)
	at Socket.emit (events.js:182:13)
	at addChunk (_stream_readable.js:279:12)
	at readableAddChunk (_stream_readable.js:264:11)
	at Socket.Readable.push (_stream_readable.js:219:10)
	at Pipe.onread (net.js:636:20)
[2019-03-30 08:51:31.452] [exthost] [error] [geequlim.godot-tools] provider FAILED
[2019-03-30 08:51:31.452] [exthost] [error] TypeError: Cannot read property 'indexOf' of undefined
	at Config.normalizePath (/home/dave/.vscode/extensions/geequlim.godot-tools-0.3.7/out/src/config.js:47:18)
	at Config.getWorkspaceCompletionItems (/home/dave/.vscode/extensions/geequlim.godot-tools-0.3.7/out/src/config.js:165:35)
	at GDScriptCompletionItemProvider.provideCompletionItems (/home/dave/.vscode/extensions/geequlim.godot-tools-0.3.7/out/src/gdscript/completion.js:35:49)
	at define.provideCompletionItems.a.asPromise (/usr/share/code/resources/app/out/vs/workbench/services/extensions/node/extensionHostProcess.js:569:293)
	at t.asPromise.Promise (/usr/share/code/resources/app/out/vs/workbench/services/extensions/node/extensionHostProcess.js:48:58)
	at new Promise (<anonymous>)
	at Object.t.asPromise (/usr/share/code/resources/app/out/vs/workbench/services/extensions/node/extensionHostProcess.js:48:32)
	at O.provideCompletionItems (/usr/share/code/resources/app/out/vs/workbench/services/extensions/node/extensionHostProcess.js:569:264)
	at define.$provideCompletionItems._withAdapter.e (/usr/share/code/resources/app/out/vs/workbench/services/extensions/node/extensionHostProcess.js:582:811)
	at $._withAdapter (/usr/share/code/resources/app/out/vs/workbench/services/extensions/node/extensionHostProcess.js:575:502)
	at $provideCompletionItems (/usr/share/code/resources/app/out/vs/workbench/services/extensions/node/extensionHostProcess.js:582:789)
	at h._doInvokeHandler (/usr/share/code/resources/app/out/vs/workbench/services/extensions/node/extensionHostProcess.js:593:118)
	at h._invokeHandler (/usr/share/code/resources/app/out/vs/workbench/services/extensions/node/extensionHostProcess.js:592:777)
	at h._receiveRequest (/usr/share/code/resources/app/out/vs/workbench/services/extensions/node/extensionHostProcess.js:591:383)
	at h._receiveOneMessage (/usr/share/code/resources/app/out/vs/workbench/services/extensions/node/extensionHostProcess.js:590:279)
	at define.constructor._protocol.onMessage.e (/usr/share/code/resources/app/out/vs/workbench/services/extensions/node/extensionHostProcess.js:588:565)
	at u.fire (/usr/share/code/resources/app/out/vs/workbench/services/extensions/node/extensionHostProcess.js:43:254)
	at e (/usr/share/code/resources/app/out/vs/workbench/services/extensions/node/extensionHostProcess.js:39:64)
	at u.fire (/usr/share/code/resources/app/out/vs/workbench/services/extensions/node/extensionHostProcess.js:43:254)
	at s (/usr/share/code/resources/app/out/vs/workbench/services/extensions/node/extensionHostProcess.js:168:754)
	at Socket.define.constructor._socketDataListener.e (/usr/share/code/resources/app/out/vs/workbench/services/extensions/node/extensionHostProcess.js:168:960)
	at Socket.emit (events.js:182:13)
	at addChunk (_stream_readable.js:279:12)
	at readableAddChunk (_stream_readable.js:264:11)
	at Socket.Readable.push (_stream_readable.js:219:10)
	at Pipe.onread (net.js:636:20)
[2019-03-30 08:52:36.409] [exthost] [error] [geequlim.godot-tools] provider FAILED
[2019-03-30 08:52:36.409] [exthost] [error] TypeError: Cannot read property 'indexOf' of undefined
	at Config.normalizePath (/home/dave/.vscode/extensions/geequlim.godot-tools-0.3.7/out/src/config.js:47:18)
	at Config.getWorkspaceCompletionItems (/home/dave/.vscode/extensions/geequlim.godot-tools-0.3.7/out/src/config.js:165:35)
	at GDScriptCompletionItemProvider.provideCompletionItems (/home/dave/.vscode/extensions/geequlim.godot-tools-0.3.7/out/src/gdscript/completion.js:35:49)
	at define.provideCompletionItems.a.asPromise (/usr/share/code/resources/app/out/vs/workbench/services/extensions/node/extensionHostProcess.js:569:293)
	at t.asPromise.Promise (/usr/share/code/resources/app/out/vs/workbench/services/extensions/node/extensionHostProcess.js:48:58)
	at new Promise (<anonymous>)
	at Object.t.asPromise (/usr/share/code/resources/app/out/vs/workbench/services/extensions/node/extensionHostProcess.js:48:32)
	at O.provideCompletionItems (/usr/share/code/resources/app/out/vs/workbench/services/extensions/node/extensionHostProcess.js:569:264)
	at define.$provideCompletionItems._withAdapter.e (/usr/share/code/resources/app/out/vs/workbench/services/extensions/node/extensionHostProcess.js:582:811)
	at $._withAdapter (/usr/share/code/resources/app/out/vs/workbench/services/extensions/node/extensionHostProcess.js:575:502)
	at $provideCompletionItems (/usr/share/code/resources/app/out/vs/workbench/services/extensions/node/extensionHostProcess.js:582:789)
	at h._doInvokeHandler (/usr/share/code/resources/app/out/vs/workbench/services/extensions/node/extensionHostProcess.js:593:118)
	at h._invokeHandler (/usr/share/code/resources/app/out/vs/workbench/services/extensions/node/extensionHostProcess.js:592:777)
	at h._receiveRequest (/usr/share/code/resources/app/out/vs/workbench/services/extensions/node/extensionHostProcess.js:591:383)
	at h._receiveOneMessage (/usr/share/code/resources/app/out/vs/workbench/services/extensions/node/extensionHostProcess.js:590:279)
	at define.constructor._protocol.onMessage.e (/usr/share/code/resources/app/out/vs/workbench/services/extensions/node/extensionHostProcess.js:588:565)
	at u.fire (/usr/share/code/resources/app/out/vs/workbench/services/extensions/node/extensionHostProcess.js:43:254)
	at e (/usr/share/code/resources/app/out/vs/workbench/services/extensions/node/extensionHostProcess.js:39:64)
	at u.fire (/usr/share/code/resources/app/out/vs/workbench/services/extensions/node/extensionHostProcess.js:43:254)
	at s (/usr/share/code/resources/app/out/vs/workbench/services/extensions/node/extensionHostProcess.js:168:754)
	at Socket.define.constructor._socketDataListener.e (/usr/share/code/resources/app/out/vs/workbench/services/extensions/node/extensionHostProcess.js:168:960)
	at Socket.emit (events.js:182:13)
	at addChunk (_stream_readable.js:279:12)
	at readableAddChunk (_stream_readable.js:264:11)
	at Socket.Readable.push (_stream_readable.js:219:10)
	at Pipe.onread (net.js:636:20)
[2019-03-30 08:56:22.314] [exthost] [error] [geequlim.godot-tools] provider FAILED
[2019-03-30 08:56:22.314] [exthost] [error] TypeError: Cannot read property 'indexOf' of undefined
	at Config.normalizePath (/home/dave/.vscode/extensions/geequlim.godot-tools-0.3.7/out/src/config.js:47:18)
	at getHoverText (/home/dave/.vscode/extensions/geequlim.godot-tools-0.3.7/out/src/gdscript/hoverprovider.js:37:63)
	at genWorkspaceTips (/home/dave/.vscode/extensions/geequlim.godot-tools-0.3.7/out/src/gdscript/hoverprovider.js:62:47)
	at GDScriptHoverProvider.provideHover (/home/dave/.vscode/extensions/geequlim.godot-tools-0.3.7/out/src/gdscript/hoverprovider.js:162:9)
	at define.provideHover.a.asPromise (/usr/share/code/resources/app/out/vs/workbench/services/extensions/node/extensionHostProcess.js:563:397)
	at t.asPromise.Promise (/usr/share/code/resources/app/out/vs/workbench/services/extensions/node/extensionHostProcess.js:48:58)
	at new Promise (<anonymous>)
	at Object.t.asPromise (/usr/share/code/resources/app/out/vs/workbench/services/extensions/node/extensionHostProcess.js:48:32)
	at S.provideHover (/usr/share/code/resources/app/out/vs/workbench/services/extensions/node/extensionHostProcess.js:563:368)
	at define.$provideHover._withAdapter.e (/usr/share/code/resources/app/out/vs/workbench/services/extensions/node/extensionHostProcess.js:579:329)
	at $._withAdapter (/usr/share/code/resources/app/out/vs/workbench/services/extensions/node/extensionHostProcess.js:575:502)
	at $provideHover (/usr/share/code/resources/app/out/vs/workbench/services/extensions/node/extensionHostProcess.js:579:307)
	at h._doInvokeHandler (/usr/share/code/resources/app/out/vs/workbench/services/extensions/node/extensionHostProcess.js:593:118)
	at h._invokeHandler (/usr/share/code/resources/app/out/vs/workbench/services/extensions/node/extensionHostProcess.js:592:777)
	at h._receiveRequest (/usr/share/code/resources/app/out/vs/workbench/services/extensions/node/extensionHostProcess.js:591:383)
	at h._receiveOneMessage (/usr/share/code/resources/app/out/vs/workbench/services/extensions/node/extensionHostProcess.js:590:279)
	at define.constructor._protocol.onMessage.e (/usr/share/code/resources/app/out/vs/workbench/services/extensions/node/extensionHostProcess.js:588:565)
	at u.fire (/usr/share/code/resources/app/out/vs/workbench/services/extensions/node/extensionHostProcess.js:43:254)
	at e (/usr/share/code/resources/app/out/vs/workbench/services/extensions/node/extensionHostProcess.js:39:64)
	at u.fire (/usr/share/code/resources/app/out/vs/workbench/services/extensions/node/extensionHostProcess.js:43:254)
	at s (/usr/share/code/resources/app/out/vs/workbench/services/extensions/node/extensionHostProcess.js:168:754)
	at Socket.define.constructor._socketDataListener.e (/usr/share/code/resources/app/out/vs/workbench/services/extensions/node/extensionHostProcess.js:168:960)
	at Socket.emit (events.js:182:13)
	at addChunk (_stream_readable.js:279:12)
	at readableAddChunk (_stream_readable.js:264:11)
	at Socket.Readable.push (_stream_readable.js:219:10)
	at Pipe.onread (net.js:636:20)
[2019-03-30 08:56:22.798] [exthost] [error] [geequlim.godot-tools] provider FAILED
[2019-03-30 08:56:22.798] [exthost] [error] TypeError: Cannot read property 'start' of undefined
	at Object.getSelectedContent (/home/dave/.vscode/extensions/geequlim.godot-tools-0.3.7/out/src/gdscript/utils.js:11:45)
	at GDScriptHoverProvider.provideHover (/home/dave/.vscode/extensions/geequlim.godot-tools-0.3.7/out/src/gdscript/hoverprovider.js:15:33)
	at define.provideHover.a.asPromise (/usr/share/code/resources/app/out/vs/workbench/services/extensions/node/extensionHostProcess.js:563:397)
	at t.asPromise.Promise (/usr/share/code/resources/app/out/vs/workbench/services/extensions/node/extensionHostProcess.js:48:58)
	at new Promise (<anonymous>)
	at Object.t.asPromise (/usr/share/code/resources/app/out/vs/workbench/services/extensions/node/extensionHostProcess.js:48:32)
	at S.provideHover (/usr/share/code/resources/app/out/vs/workbench/services/extensions/node/extensionHostProcess.js:563:368)
	at define.$provideHover._withAdapter.e (/usr/share/code/resources/app/out/vs/workbench/services/extensions/node/extensionHostProcess.js:579:329)
	at $._withAdapter (/usr/share/code/resources/app/out/vs/workbench/services/extensions/node/extensionHostProcess.js:575:502)
	at $provideHover (/usr/share/code/resources/app/out/vs/workbench/services/extensions/node/extensionHostProcess.js:579:307)
	at h._doInvokeHandler (/usr/share/code/resources/app/out/vs/workbench/services/extensions/node/extensionHostProcess.js:593:118)
	at h._invokeHandler (/usr/share/code/resources/app/out/vs/workbench/services/extensions/node/extensionHostProcess.js:592:777)
	at h._receiveRequest (/usr/share/code/resources/app/out/vs/workbench/services/extensions/node/extensionHostProcess.js:591:383)
	at h._receiveOneMessage (/usr/share/code/resources/app/out/vs/workbench/services/extensions/node/extensionHostProcess.js:590:279)
	at define.constructor._protocol.onMessage.e (/usr/share/code/resources/app/out/vs/workbench/services/extensions/node/extensionHostProcess.js:588:565)
	at u.fire (/usr/share/code/resources/app/out/vs/workbench/services/extensions/node/extensionHostProcess.js:43:254)
	at e (/usr/share/code/resources/app/out/vs/workbench/services/extensions/node/extensionHostProcess.js:39:64)
	at u.fire (/usr/share/code/resources/app/out/vs/workbench/services/extensions/node/extensionHostProcess.js:43:254)
	at s (/usr/share/code/resources/app/out/vs/workbench/services/extensions/node/extensionHostProcess.js:168:754)
	at Socket.define.constructor._socketDataListener.e (/usr/share/code/resources/app/out/vs/workbench/services/extensions/node/extensionHostProcess.js:168:960)
	at Socket.emit (events.js:182:13)
	at addChunk (_stream_readable.js:279:12)
	at readableAddChunk (_stream_readable.js:264:11)
	at Socket.Readable.push (_stream_readable.js:219:10)
	at Pipe.onread (net.js:636:20)
[2019-03-30 08:56:23.221] [exthost] [error] [geequlim.godot-tools] provider FAILED
[2019-03-30 08:56:23.221] [exthost] [error] TypeError: Cannot read property 'start' of undefined
	at Object.getSelectedContent (/home/dave/.vscode/extensions/geequlim.godot-tools-0.3.7/out/src/gdscript/utils.js:11:45)
	at GDScriptHoverProvider.provideHover (/home/dave/.vscode/extensions/geequlim.godot-tools-0.3.7/out/src/gdscript/hoverprovider.js:15:33)
	at define.provideHover.a.asPromise (/usr/share/code/resources/app/out/vs/workbench/services/extensions/node/extensionHostProcess.js:563:397)
	at t.asPromise.Promise (/usr/share/code/resources/app/out/vs/workbench/services/extensions/node/extensionHostProcess.js:48:58)
	at new Promise (<anonymous>)
	at Object.t.asPromise (/usr/share/code/resources/app/out/vs/workbench/services/extensions/node/extensionHostProcess.js:48:32)
	at S.provideHover (/usr/share/code/resources/app/out/vs/workbench/services/extensions/node/extensionHostProcess.js:563:368)
	at define.$provideHover._withAdapter.e (/usr/share/code/resources/app/out/vs/workbench/services/extensions/node/extensionHostProcess.js:579:329)
	at $._withAdapter (/usr/share/code/resources/app/out/vs/workbench/services/extensions/node/extensionHostProcess.js:575:502)
	at $provideHover (/usr/share/code/resources/app/out/vs/workbench/services/extensions/node/extensionHostProcess.js:579:307)
	at h._doInvokeHandler (/usr/share/code/resources/app/out/vs/workbench/services/extensions/node/extensionHostProcess.js:593:118)
	at h._invokeHandler (/usr/share/code/resources/app/out/vs/workbench/services/extensions/node/extensionHostProcess.js:592:777)
	at h._receiveRequest (/usr/share/code/resources/app/out/vs/workbench/services/extensions/node/extensionHostProcess.js:591:383)
	at h._receiveOneMessage (/usr/share/code/resources/app/out/vs/workbench/services/extensions/node/extensionHostProcess.js:590:279)
	at define.constructor._protocol.onMessage.e (/usr/share/code/resources/app/out/vs/workbench/services/extensions/node/extensionHostProcess.js:588:565)
	at u.fire (/usr/share/code/resources/app/out/vs/workbench/services/extensions/node/extensionHostProcess.js:43:254)
	at e (/usr/share/code/resources/app/out/vs/workbench/services/extensions/node/extensionHostProcess.js:39:64)
	at u.fire (/usr/share/code/resources/app/out/vs/workbench/services/extensions/node/extensionHostProcess.js:43:254)
	at s (/usr/share/code/resources/app/out/vs/workbench/services/extensions/node/extensionHostProcess.js:168:754)
	at Socket.define.constructor._socketDataListener.e (/usr/share/code/resources/app/out/vs/workbench/services/extensions/node/extensionHostProcess.js:168:960)
	at Socket.emit (events.js:182:13)
	at addChunk (_stream_readable.js:279:12)
	at readableAddChunk (_stream_readable.js:264:11)
	at Socket.Readable.push (_stream_readable.js:219:10)
	at Pipe.onread (net.js:636:20)
[2019-03-30 08:58:29.900] [exthost] [error] [geequlim.godot-tools] provider FAILED
[2019-03-30 08:58:29.900] [exthost] [error] TypeError: Cannot read property 'indexOf' of undefined
	at Config.normalizePath (/home/dave/.vscode/extensions/geequlim.godot-tools-0.3.7/out/src/config.js:47:18)
	at Config.getWorkspaceCompletionItems (/home/dave/.vscode/extensions/geequlim.godot-tools-0.3.7/out/src/config.js:165:35)
	at GDScriptCompletionItemProvider.provideCompletionItems (/home/dave/.vscode/extensions/geequlim.godot-tools-0.3.7/out/src/gdscript/completion.js:35:49)
	at define.provideCompletionItems.a.asPromise (/usr/share/code/resources/app/out/vs/workbench/services/extensions/node/extensionHostProcess.js:569:293)
	at t.asPromise.Promise (/usr/share/code/resources/app/out/vs/workbench/services/extensions/node/extensionHostProcess.js:48:58)
	at new Promise (<anonymous>)
	at Object.t.asPromise (/usr/share/code/resources/app/out/vs/workbench/services/extensions/node/extensionHostProcess.js:48:32)
	at O.provideCompletionItems (/usr/share/code/resources/app/out/vs/workbench/services/extensions/node/extensionHostProcess.js:569:264)
	at define.$provideCompletionItems._withAdapter.e (/usr/share/code/resources/app/out/vs/workbench/services/extensions/node/extensionHostProcess.js:582:811)
	at $._withAdapter (/usr/share/code/resources/app/out/vs/workbench/services/extensions/node/extensionHostProcess.js:575:502)
	at $provideCompletionItems (/usr/share/code/resources/app/out/vs/workbench/services/extensions/node/extensionHostProcess.js:582:789)
	at h._doInvokeHandler (/usr/share/code/resources/app/out/vs/workbench/services/extensions/node/extensionHostProcess.js:593:118)
	at h._invokeHandler (/usr/share/code/resources/app/out/vs/workbench/services/extensions/node/extensionHostProcess.js:592:777)
	at h._receiveRequest (/usr/share/code/resources/app/out/vs/workbench/services/extensions/node/extensionHostProcess.js:591:383)
	at h._receiveOneMessage (/usr/share/code/resources/app/out/vs/workbench/services/extensions/node/extensionHostProcess.js:590:279)
	at define.constructor._protocol.onMessage.e (/usr/share/code/resources/app/out/vs/workbench/services/extensions/node/extensionHostProcess.js:588:565)
	at u.fire (/usr/share/code/resources/app/out/vs/workbench/services/extensions/node/extensionHostProcess.js:43:254)
	at e (/usr/share/code/resources/app/out/vs/workbench/services/extensions/node/extensionHostProcess.js:39:64)
	at u.fire (/usr/share/code/resources/app/out/vs/workbench/services/extensions/node/extensionHostProcess.js:43:254)
	at s (/usr/share/code/resources/app/out/vs/workbench/services/extensions/node/extensionHostProcess.js:168:754)
	at Socket.define.constructor._socketDataListener.e (/usr/share/code/resources/app/out/vs/workbench/services/extensions/node/extensionHostProcess.js:168:960)
	at Socket.emit (events.js:182:13)
	at addChunk (_stream_readable.js:279:12)
	at readableAddChunk (_stream_readable.js:264:11)
	at Socket.Readable.push (_stream_readable.js:219:10)
	at Pipe.onread (net.js:636:20)
[2019-03-30 08:58:47.535] [exthost] [error] [geequlim.godot-tools] provider FAILED
[2019-03-30 08:58:47.535] [exthost] [error] TypeError: Cannot read property 'indexOf' of undefined
	at Config.normalizePath (/home/dave/.vscode/extensions/geequlim.godot-tools-0.3.7/out/src/config.js:47:18)
	at Config.getWorkspaceCompletionItems (/home/dave/.vscode/extensions/geequlim.godot-tools-0.3.7/out/src/config.js:165:35)
	at GDScriptCompletionItemProvider.provideCompletionItems (/home/dave/.vscode/extensions/geequlim.godot-tools-0.3.7/out/src/gdscript/completion.js:35:49)
	at define.provideCompletionItems.a.asPromise (/usr/share/code/resources/app/out/vs/workbench/services/extensions/node/extensionHostProcess.js:569:293)
	at t.asPromise.Promise (/usr/share/code/resources/app/out/vs/workbench/services/extensions/node/extensionHostProcess.js:48:58)
	at new Promise (<anonymous>)
	at Object.t.asPromise (/usr/share/code/resources/app/out/vs/workbench/services/extensions/node/extensionHostProcess.js:48:32)
	at O.provideCompletionItems (/usr/share/code/resources/app/out/vs/workbench/services/extensions/node/extensionHostProcess.js:569:264)
	at define.$provideCompletionItems._withAdapter.e (/usr/share/code/resources/app/out/vs/workbench/services/extensions/node/extensionHostProcess.js:582:811)
	at $._withAdapter (/usr/share/code/resources/app/out/vs/workbench/services/extensions/node/extensionHostProcess.js:575:502)
	at $provideCompletionItems (/usr/share/code/resources/app/out/vs/workbench/services/extensions/node/extensionHostProcess.js:582:789)
	at h._doInvokeHandler (/usr/share/code/resources/app/out/vs/workbench/services/extensions/node/extensionHostProcess.js:593:118)
	at h._invokeHandler (/usr/share/code/resources/app/out/vs/workbench/services/extensions/node/extensionHostProcess.js:592:777)
	at h._receiveRequest (/usr/share/code/resources/app/out/vs/workbench/services/extensions/node/extensionHostProcess.js:591:383)
	at h._receiveOneMessage (/usr/share/code/resources/app/out/vs/workbench/services/extensions/node/extensionHostProcess.js:590:279)
	at define.constructor._protocol.onMessage.e (/usr/share/code/resources/app/out/vs/workbench/services/extensions/node/extensionHostProcess.js:588:565)
	at u.fire (/usr/share/code/resources/app/out/vs/workbench/services/extensions/node/extensionHostProcess.js:43:254)
	at e (/usr/share/code/resources/app/out/vs/workbench/services/extensions/node/extensionHostProcess.js:39:64)
	at u.fire (/usr/share/code/resources/app/out/vs/workbench/services/extensions/node/extensionHostProcess.js:43:254)
	at s (/usr/share/code/resources/app/out/vs/workbench/services/extensions/node/extensionHostProcess.js:168:754)
	at Socket.define.constructor._socketDataListener.e (/usr/share/code/resources/app/out/vs/workbench/services/extensions/node/extensionHostProcess.js:168:960)
	at Socket.emit (events.js:182:13)
	at addChunk (_stream_readable.js:279:12)
	at readableAddChunk (_stream_readable.js:264:11)
	at Socket.Readable.push (_stream_readable.js:219:10)
	at Pipe.onread (net.js:636:20)
[2019-03-30 08:58:51.488] [exthost] [error] [geequlim.godot-tools] provider FAILED
[2019-03-30 08:58:51.488] [exthost] [error] TypeError: Cannot read property 'indexOf' of undefined
	at Config.normalizePath (/home/dave/.vscode/extensions/geequlim.godot-tools-0.3.7/out/src/config.js:47:18)
	at Config.getWorkspaceCompletionItems (/home/dave/.vscode/extensions/geequlim.godot-tools-0.3.7/out/src/config.js:165:35)
	at GDScriptCompletionItemProvider.provideCompletionItems (/home/dave/.vscode/extensions/geequlim.godot-tools-0.3.7/out/src/gdscript/completion.js:35:49)
	at define.provideCompletionItems.a.asPromise (/usr/share/code/resources/app/out/vs/workbench/services/extensions/node/extensionHostProcess.js:569:293)
	at t.asPromise.Promise (/usr/share/code/resources/app/out/vs/workbench/services/extensions/node/extensionHostProcess.js:48:58)
	at new Promise (<anonymous>)
	at Object.t.asPromise (/usr/share/code/resources/app/out/vs/workbench/services/extensions/node/extensionHostProcess.js:48:32)
	at O.provideCompletionItems (/usr/share/code/resources/app/out/vs/workbench/services/extensions/node/extensionHostProcess.js:569:264)
	at define.$provideCompletionItems._withAdapter.e (/usr/share/code/resources/app/out/vs/workbench/services/extensions/node/extensionHostProcess.js:582:811)
	at $._withAdapter (/usr/share/code/resources/app/out/vs/workbench/services/extensions/node/extensionHostProcess.js:575:502)
	at $provideCompletionItems (/usr/share/code/resources/app/out/vs/workbench/services/extensions/node/extensionHostProcess.js:582:789)
	at h._doInvokeHandler (/usr/share/code/resources/app/out/vs/workbench/services/extensions/node/extensionHostProcess.js:593:118)
	at h._invokeHandler (/usr/share/code/resources/app/out/vs/workbench/services/extensions/node/extensionHostProcess.js:592:777)
	at h._receiveRequest (/usr/share/code/resources/app/out/vs/workbench/services/extensions/node/extensionHostProcess.js:591:383)
	at h._receiveOneMessage (/usr/share/code/resources/app/out/vs/workbench/services/extensions/node/extensionHostProcess.js:590:279)
	at define.constructor._protocol.onMessage.e (/usr/share/code/resources/app/out/vs/workbench/services/extensions/node/extensionHostProcess.js:588:565)
	at u.fire (/usr/share/code/resources/app/out/vs/workbench/services/extensions/node/extensionHostProcess.js:43:254)
	at e (/usr/share/code/resources/app/out/vs/workbench/services/extensions/node/extensionHostProcess.js:39:64)
	at u.fire (/usr/share/code/resources/app/out/vs/workbench/services/extensions/node/extensionHostProcess.js:43:254)
	at s (/usr/share/code/resources/app/out/vs/workbench/services/extensions/node/extensionHostProcess.js:168:754)
	at Socket.define.constructor._socketDataListener.e (/usr/share/code/resources/app/out/vs/workbench/services/extensions/node/extensionHostProcess.js:168:960)
	at Socket.emit (events.js:182:13)
	at addChunk (_stream_readable.js:279:12)
	at readableAddChunk (_stream_readable.js:264:11)
	at Socket.Readable.push (_stream_readable.js:219:10)
	at Pipe.onread (net.js:636:20)
[2019-03-30 08:59:06.368] [exthost] [error] [geequlim.godot-tools] provider FAILED
[2019-03-30 08:59:06.368] [exthost] [error] TypeError: Cannot read property 'indexOf' of undefined
	at Config.normalizePath (/home/dave/.vscode/extensions/geequlim.godot-tools-0.3.7/out/src/config.js:47:18)
	at Config.getWorkspaceCompletionItems (/home/dave/.vscode/extensions/geequlim.godot-tools-0.3.7/out/src/config.js:165:35)
	at GDScriptCompletionItemProvider.provideCompletionItems (/home/dave/.vscode/extensions/geequlim.godot-tools-0.3.7/out/src/gdscript/completion.js:35:49)
	at define.provideCompletionItems.a.asPromise (/usr/share/code/resources/app/out/vs/workbench/services/extensions/node/extensionHostProcess.js:569:293)
	at t.asPromise.Promise (/usr/share/code/resources/app/out/vs/workbench/services/extensions/node/extensionHostProcess.js:48:58)
	at new Promise (<anonymous>)
	at Object.t.asPromise (/usr/share/code/resources/app/out/vs/workbench/services/extensions/node/extensionHostProcess.js:48:32)
	at O.provideCompletionItems (/usr/share/code/resources/app/out/vs/workbench/services/extensions/node/extensionHostProcess.js:569:264)
	at define.$provideCompletionItems._withAdapter.e (/usr/share/code/resources/app/out/vs/workbench/services/extensions/node/extensionHostProcess.js:582:811)
	at $._withAdapter (/usr/share/code/resources/app/out/vs/workbench/services/extensions/node/extensionHostProcess.js:575:502)
	at $provideCompletionItems (/usr/share/code/resources/app/out/vs/workbench/services/extensions/node/extensionHostProcess.js:582:789)
	at h._doInvokeHandler (/usr/share/code/resources/app/out/vs/workbench/services/extensions/node/extensionHostProcess.js:593:118)
	at h._invokeHandler (/usr/share/code/resources/app/out/vs/workbench/services/extensions/node/extensionHostProcess.js:592:777)
	at h._receiveRequest (/usr/share/code/resources/app/out/vs/workbench/services/extensions/node/extensionHostProcess.js:591:383)
	at h._receiveOneMessage (/usr/share/code/resources/app/out/vs/workbench/services/extensions/node/extensionHostProcess.js:590:279)
	at define.constructor._protocol.onMessage.e (/usr/share/code/resources/app/out/vs/workbench/services/extensions/node/extensionHostProcess.js:588:565)
	at u.fire (/usr/share/code/resources/app/out/vs/workbench/services/extensions/node/extensionHostProcess.js:43:254)
	at e (/usr/share/code/resources/app/out/vs/workbench/services/extensions/node/extensionHostProcess.js:39:64)
	at u.fire (/usr/share/code/resources/app/out/vs/workbench/services/extensions/node/extensionHostProcess.js:43:254)
	at s (/usr/share/code/resources/app/out/vs/workbench/services/extensions/node/extensionHostProcess.js:168:754)
	at Socket.define.constructor._socketDataListener.e (/usr/share/code/resources/app/out/vs/workbench/services/extensions/node/extensionHostProcess.js:168:960)
	at Socket.emit (events.js:182:13)
	at addChunk (_stream_readable.js:279:12)
	at readableAddChunk (_stream_readable.js:264:11)
	at Socket.Readable.push (_stream_readable.js:219:10)
	at Pipe.onread (net.js:636:20)
[2019-03-30 08:59:14.789] [exthost] [error] [geequlim.godot-tools] provider FAILED
[2019-03-30 08:59:14.789] [exthost] [error] TypeError: Cannot read property 'indexOf' of undefined
	at Config.normalizePath (/home/dave/.vscode/extensions/geequlim.godot-tools-0.3.7/out/src/config.js:47:18)
	at getHoverText (/home/dave/.vscode/extensions/geequlim.godot-tools-0.3.7/out/src/gdscript/hoverprovider.js:37:63)
	at genWorkspaceTips (/home/dave/.vscode/extensions/geequlim.godot-tools-0.3.7/out/src/gdscript/hoverprovider.js:62:47)
	at GDScriptHoverProvider.provideHover (/home/dave/.vscode/extensions/geequlim.godot-tools-0.3.7/out/src/gdscript/hoverprovider.js:162:9)
	at define.provideHover.a.asPromise (/usr/share/code/resources/app/out/vs/workbench/services/extensions/node/extensionHostProcess.js:563:397)
	at t.asPromise.Promise (/usr/share/code/resources/app/out/vs/workbench/services/extensions/node/extensionHostProcess.js:48:58)
	at new Promise (<anonymous>)
	at Object.t.asPromise (/usr/share/code/resources/app/out/vs/workbench/services/extensions/node/extensionHostProcess.js:48:32)
	at S.provideHover (/usr/share/code/resources/app/out/vs/workbench/services/extensions/node/extensionHostProcess.js:563:368)
	at define.$provideHover._withAdapter.e (/usr/share/code/resources/app/out/vs/workbench/services/extensions/node/extensionHostProcess.js:579:329)
	at $._withAdapter (/usr/share/code/resources/app/out/vs/workbench/services/extensions/node/extensionHostProcess.js:575:502)
	at $provideHover (/usr/share/code/resources/app/out/vs/workbench/services/extensions/node/extensionHostProcess.js:579:307)
	at h._doInvokeHandler (/usr/share/code/resources/app/out/vs/workbench/services/extensions/node/extensionHostProcess.js:593:118)
	at h._invokeHandler (/usr/share/code/resources/app/out/vs/workbench/services/extensions/node/extensionHostProcess.js:592:777)
	at h._receiveRequest (/usr/share/code/resources/app/out/vs/workbench/services/extensions/node/extensionHostProcess.js:591:383)
	at h._receiveOneMessage (/usr/share/code/resources/app/out/vs/workbench/services/extensions/node/extensionHostProcess.js:590:279)
	at define.constructor._protocol.onMessage.e (/usr/share/code/resources/app/out/vs/workbench/services/extensions/node/extensionHostProcess.js:588:565)
	at u.fire (/usr/share/code/resources/app/out/vs/workbench/services/extensions/node/extensionHostProcess.js:43:254)
	at e (/usr/share/code/resources/app/out/vs/workbench/services/extensions/node/extensionHostProcess.js:39:64)
	at u.fire (/usr/share/code/resources/app/out/vs/workbench/services/extensions/node/extensionHostProcess.js:43:254)
	at s (/usr/share/code/resources/app/out/vs/workbench/services/extensions/node/extensionHostProcess.js:168:754)
	at Socket.define.constructor._socketDataListener.e (/usr/share/code/resources/app/out/vs/workbench/services/extensions/node/extensionHostProcess.js:168:960)
	at Socket.emit (events.js:182:13)
	at addChunk (_stream_readable.js:279:12)
	at readableAddChunk (_stream_readable.js:264:11)
	at Socket.Readable.push (_stream_readable.js:219:10)
	at Pipe.onread (net.js:636:20)
[2019-03-30 08:59:15.206] [exthost] [error] [geequlim.godot-tools] provider FAILED
[2019-03-30 08:59:15.206] [exthost] [error] TypeError: Cannot read property 'indexOf' of undefined
	at Config.normalizePath (/home/dave/.vscode/extensions/geequlim.godot-tools-0.3.7/out/src/config.js:47:18)
	at getHoverText (/home/dave/.vscode/extensions/geequlim.godot-tools-0.3.7/out/src/gdscript/hoverprovider.js:37:63)
	at genWorkspaceTips (/home/dave/.vscode/extensions/geequlim.godot-tools-0.3.7/out/src/gdscript/hoverprovider.js:62:47)
	at GDScriptHoverProvider.provideHover (/home/dave/.vscode/extensions/geequlim.godot-tools-0.3.7/out/src/gdscript/hoverprovider.js:162:9)
	at define.provideHover.a.asPromise (/usr/share/code/resources/app/out/vs/workbench/services/extensions/node/extensionHostProcess.js:563:397)
	at t.asPromise.Promise (/usr/share/code/resources/app/out/vs/workbench/services/extensions/node/extensionHostProcess.js:48:58)
	at new Promise (<anonymous>)
	at Object.t.asPromise (/usr/share/code/resources/app/out/vs/workbench/services/extensions/node/extensionHostProcess.js:48:32)
	at S.provideHover (/usr/share/code/resources/app/out/vs/workbench/services/extensions/node/extensionHostProcess.js:563:368)
	at define.$provideHover._withAdapter.e (/usr/share/code/resources/app/out/vs/workbench/services/extensions/node/extensionHostProcess.js:579:329)
	at $._withAdapter (/usr/share/code/resources/app/out/vs/workbench/services/extensions/node/extensionHostProcess.js:575:502)
	at $provideHover (/usr/share/code/resources/app/out/vs/workbench/services/extensions/node/extensionHostProcess.js:579:307)
	at h._doInvokeHandler (/usr/share/code/resources/app/out/vs/workbench/services/extensions/node/extensionHostProcess.js:593:118)
	at h._invokeHandler (/usr/share/code/resources/app/out/vs/workbench/services/extensions/node/extensionHostProcess.js:592:777)
	at h._receiveRequest (/usr/share/code/resources/app/out/vs/workbench/services/extensions/node/extensionHostProcess.js:591:383)
	at h._receiveOneMessage (/usr/share/code/resources/app/out/vs/workbench/services/extensions/node/extensionHostProcess.js:590:279)
	at define.constructor._protocol.onMessage.e (/usr/share/code/resources/app/out/vs/workbench/services/extensions/node/extensionHostProcess.js:588:565)
	at u.fire (/usr/share/code/resources/app/out/vs/workbench/services/extensions/node/extensionHostProcess.js:43:254)
	at e (/usr/share/code/resources/app/out/vs/workbench/services/extensions/node/extensionHostProcess.js:39:64)
	at u.fire (/usr/share/code/resources/app/out/vs/workbench/services/extensions/node/extensionHostProcess.js:43:254)
	at s (/usr/share/code/resources/app/out/vs/workbench/services/extensions/node/extensionHostProcess.js:168:754)
	at Socket.define.constructor._socketDataListener.e (/usr/share/code/resources/app/out/vs/workbench/services/extensions/node/extensionHostProcess.js:168:960)
	at Socket.emit (events.js:182:13)
	at addChunk (_stream_readable.js:279:12)
	at readableAddChunk (_stream_readable.js:264:11)
	at Socket.Readable.push (_stream_readable.js:219:10)
	at Pipe.onread (net.js:636:20)
[2019-03-30 08:59:15.502] [exthost] [error] [geequlim.godot-tools] provider FAILED
[2019-03-30 08:59:15.503] [exthost] [error] TypeError: Cannot read property 'indexOf' of undefined
	at Config.normalizePath (/home/dave/.vscode/extensions/geequlim.godot-tools-0.3.7/out/src/config.js:47:18)
	at getHoverText (/home/dave/.vscode/extensions/geequlim.godot-tools-0.3.7/out/src/gdscript/hoverprovider.js:37:63)
	at genWorkspaceTips (/home/dave/.vscode/extensions/geequlim.godot-tools-0.3.7/out/src/gdscript/hoverprovider.js:62:47)
	at GDScriptHoverProvider.provideHover (/home/dave/.vscode/extensions/geequlim.godot-tools-0.3.7/out/src/gdscript/hoverprovider.js:162:9)
	at define.provideHover.a.asPromise (/usr/share/code/resources/app/out/vs/workbench/services/extensions/node/extensionHostProcess.js:563:397)
	at t.asPromise.Promise (/usr/share/code/resources/app/out/vs/workbench/services/extensions/node/extensionHostProcess.js:48:58)
	at new Promise (<anonymous>)
	at Object.t.asPromise (/usr/share/code/resources/app/out/vs/workbench/services/extensions/node/extensionHostProcess.js:48:32)
	at S.provideHover (/usr/share/code/resources/app/out/vs/workbench/services/extensions/node/extensionHostProcess.js:563:368)
	at define.$provideHover._withAdapter.e (/usr/share/code/resources/app/out/vs/workbench/services/extensions/node/extensionHostProcess.js:579:329)
	at $._withAdapter (/usr/share/code/resources/app/out/vs/workbench/services/extensions/node/extensionHostProcess.js:575:502)
	at $provideHover (/usr/share/code/resources/app/out/vs/workbench/services/extensions/node/extensionHostProcess.js:579:307)
	at h._doInvokeHandler (/usr/share/code/resources/app/out/vs/workbench/services/extensions/node/extensionHostProcess.js:593:118)
	at h._invokeHandler (/usr/share/code/resources/app/out/vs/workbench/services/extensions/node/extensionHostProcess.js:592:777)
	at h._receiveRequest (/usr/share/code/resources/app/out/vs/workbench/services/extensions/node/extensionHostProcess.js:591:383)
	at h._receiveOneMessage (/usr/share/code/resources/app/out/vs/workbench/services/extensions/node/extensionHostProcess.js:590:279)
	at define.constructor._protocol.onMessage.e (/usr/share/code/resources/app/out/vs/workbench/services/extensions/node/extensionHostProcess.js:588:565)
	at u.fire (/usr/share/code/resources/app/out/vs/workbench/services/extensions/node/extensionHostProcess.js:43:254)
	at e (/usr/share/code/resources/app/out/vs/workbench/services/extensions/node/extensionHostProcess.js:39:64)
	at u.fire (/usr/share/code/resources/app/out/vs/workbench/services/extensions/node/extensionHostProcess.js:43:254)
	at s (/usr/share/code/resources/app/out/vs/workbench/services/extensions/node/extensionHostProcess.js:168:754)
	at Socket.define.constructor._socketDataListener.e (/usr/share/code/resources/app/out/vs/workbench/services/extensions/node/extensionHostProcess.js:168:960)
	at Socket.emit (events.js:182:13)
	at addChunk (_stream_readable.js:279:12)
	at readableAddChunk (_stream_readable.js:264:11)
	at Socket.Readable.push (_stream_readable.js:219:10)
	at Pipe.onread (net.js:636:20)
[2019-03-30 08:59:17.588] [exthost] [error] [geequlim.godot-tools] provider FAILED
[2019-03-30 08:59:17.588] [exthost] [error] TypeError: Cannot read property 'indexOf' of undefined
	at Config.normalizePath (/home/dave/.vscode/extensions/geequlim.godot-tools-0.3.7/out/src/config.js:47:18)
	at getHoverText (/home/dave/.vscode/extensions/geequlim.godot-tools-0.3.7/out/src/gdscript/hoverprovider.js:37:63)
	at genWorkspaceTips (/home/dave/.vscode/extensions/geequlim.godot-tools-0.3.7/out/src/gdscript/hoverprovider.js:62:47)
	at GDScriptHoverProvider.provideHover (/home/dave/.vscode/extensions/geequlim.godot-tools-0.3.7/out/src/gdscript/hoverprovider.js:162:9)
	at define.provideHover.a.asPromise (/usr/share/code/resources/app/out/vs/workbench/services/extensions/node/extensionHostProcess.js:563:397)
	at t.asPromise.Promise (/usr/share/code/resources/app/out/vs/workbench/services/extensions/node/extensionHostProcess.js:48:58)
	at new Promise (<anonymous>)
	at Object.t.asPromise (/usr/share/code/resources/app/out/vs/workbench/services/extensions/node/extensionHostProcess.js:48:32)
	at S.provideHover (/usr/share/code/resources/app/out/vs/workbench/services/extensions/node/extensionHostProcess.js:563:368)
	at define.$provideHover._withAdapter.e (/usr/share/code/resources/app/out/vs/workbench/services/extensions/node/extensionHostProcess.js:579:329)
	at $._withAdapter (/usr/share/code/resources/app/out/vs/workbench/services/extensions/node/extensionHostProcess.js:575:502)
	at $provideHover (/usr/share/code/resources/app/out/vs/workbench/services/extensions/node/extensionHostProcess.js:579:307)
	at h._doInvokeHandler (/usr/share/code/resources/app/out/vs/workbench/services/extensions/node/extensionHostProcess.js:593:118)
	at h._invokeHandler (/usr/share/code/resources/app/out/vs/workbench/services/extensions/node/extensionHostProcess.js:592:777)
	at h._receiveRequest (/usr/share/code/resources/app/out/vs/workbench/services/extensions/node/extensionHostProcess.js:591:383)
	at h._receiveOneMessage (/usr/share/code/resources/app/out/vs/workbench/services/extensions/node/extensionHostProcess.js:590:279)
	at define.constructor._protocol.onMessage.e (/usr/share/code/resources/app/out/vs/workbench/services/extensions/node/extensionHostProcess.js:588:565)
	at u.fire (/usr/share/code/resources/app/out/vs/workbench/services/extensions/node/extensionHostProcess.js:43:254)
	at e (/usr/share/code/resources/app/out/vs/workbench/services/extensions/node/extensionHostProcess.js:39:64)
	at u.fire (/usr/share/code/resources/app/out/vs/workbench/services/extensions/node/extensionHostProcess.js:43:254)
	at s (/usr/share/code/resources/app/out/vs/workbench/services/extensions/node/extensionHostProcess.js:168:754)
	at Socket.define.constructor._socketDataListener.e (/usr/share/code/resources/app/out/vs/workbench/services/extensions/node/extensionHostProcess.js:168:960)
	at Socket.emit (events.js:182:13)
	at addChunk (_stream_readable.js:279:12)
	at readableAddChunk (_stream_readable.js:264:11)
	at Socket.Readable.push (_stream_readable.js:219:10)
	at Pipe.onread (net.js:636:20)
[2019-03-30 08:59:19.192] [exthost] [error] [geequlim.godot-tools] provider FAILED
[2019-03-30 08:59:19.192] [exthost] [error] TypeError: Cannot read property 'indexOf' of undefined
	at Config.normalizePath (/home/dave/.vscode/extensions/geequlim.godot-tools-0.3.7/out/src/config.js:47:18)
	at getHoverText (/home/dave/.vscode/extensions/geequlim.godot-tools-0.3.7/out/src/gdscript/hoverprovider.js:37:63)
	at genWorkspaceTips (/home/dave/.vscode/extensions/geequlim.godot-tools-0.3.7/out/src/gdscript/hoverprovider.js:62:47)
	at GDScriptHoverProvider.provideHover (/home/dave/.vscode/extensions/geequlim.godot-tools-0.3.7/out/src/gdscript/hoverprovider.js:162:9)
	at define.provideHover.a.asPromise (/usr/share/code/resources/app/out/vs/workbench/services/extensions/node/extensionHostProcess.js:563:397)
	at t.asPromise.Promise (/usr/share/code/resources/app/out/vs/workbench/services/extensions/node/extensionHostProcess.js:48:58)
	at new Promise (<anonymous>)
	at Object.t.asPromise (/usr/share/code/resources/app/out/vs/workbench/services/extensions/node/extensionHostProcess.js:48:32)
	at S.provideHover (/usr/share/code/resources/app/out/vs/workbench/services/extensions/node/extensionHostProcess.js:563:368)
	at define.$provideHover._withAdapter.e (/usr/share/code/resources/app/out/vs/workbench/services/extensions/node/extensionHostProcess.js:579:329)
	at $._withAdapter (/usr/share/code/resources/app/out/vs/workbench/services/extensions/node/extensionHostProcess.js:575:502)
	at $provideHover (/usr/share/code/resources/app/out/vs/workbench/services/extensions/node/extensionHostProcess.js:579:307)
	at h._doInvokeHandler (/usr/share/code/resources/app/out/vs/workbench/services/extensions/node/extensionHostProcess.js:593:118)
	at h._invokeHandler (/usr/share/code/resources/app/out/vs/workbench/services/extensions/node/extensionHostProcess.js:592:777)
	at h._receiveRequest (/usr/share/code/resources/app/out/vs/workbench/services/extensions/node/extensionHostProcess.js:591:383)
	at h._receiveOneMessage (/usr/share/code/resources/app/out/vs/workbench/services/extensions/node/extensionHostProcess.js:590:279)
	at define.constructor._protocol.onMessage.e (/usr/share/code/resources/app/out/vs/workbench/services/extensions/node/extensionHostProcess.js:588:565)
	at u.fire (/usr/share/code/resources/app/out/vs/workbench/services/extensions/node/extensionHostProcess.js:43:254)
	at e (/usr/share/code/resources/app/out/vs/workbench/services/extensions/node/extensionHostProcess.js:39:64)
	at u.fire (/usr/share/code/resources/app/out/vs/workbench/services/extensions/node/extensionHostProcess.js:43:254)
	at s (/usr/share/code/resources/app/out/vs/workbench/services/extensions/node/extensionHostProcess.js:168:754)
	at Socket.define.constructor._socketDataListener.e (/usr/share/code/resources/app/out/vs/workbench/services/extensions/node/extensionHostProcess.js:168:960)
	at Socket.emit (events.js:182:13)
	at addChunk (_stream_readable.js:279:12)
	at readableAddChunk (_stream_readable.js:264:11)
	at Socket.Readable.push (_stream_readable.js:219:10)
	at Pipe.onread (net.js:636:20)
[2019-03-30 08:59:19.535] [exthost] [error] [geequlim.godot-tools] provider FAILED
[2019-03-30 08:59:19.536] [exthost] [error] TypeError: Cannot read property 'indexOf' of undefined
	at Config.normalizePath (/home/dave/.vscode/extensions/geequlim.godot-tools-0.3.7/out/src/config.js:47:18)
	at getHoverText (/home/dave/.vscode/extensions/geequlim.godot-tools-0.3.7/out/src/gdscript/hoverprovider.js:37:63)
	at genWorkspaceTips (/home/dave/.vscode/extensions/geequlim.godot-tools-0.3.7/out/src/gdscript/hoverprovider.js:62:47)
	at GDScriptHoverProvider.provideHover (/home/dave/.vscode/extensions/geequlim.godot-tools-0.3.7/out/src/gdscript/hoverprovider.js:162:9)
	at define.provideHover.a.asPromise (/usr/share/code/resources/app/out/vs/workbench/services/extensions/node/extensionHostProcess.js:563:397)
	at t.asPromise.Promise (/usr/share/code/resources/app/out/vs/workbench/services/extensions/node/extensionHostProcess.js:48:58)
	at new Promise (<anonymous>)
	at Object.t.asPromise (/usr/share/code/resources/app/out/vs/workbench/services/extensions/node/extensionHostProcess.js:48:32)
	at S.provideHover (/usr/share/code/resources/app/out/vs/workbench/services/extensions/node/extensionHostProcess.js:563:368)
	at define.$provideHover._withAdapter.e (/usr/share/code/resources/app/out/vs/workbench/services/extensions/node/extensionHostProcess.js:579:329)
	at $._withAdapter (/usr/share/code/resources/app/out/vs/workbench/services/extensions/node/extensionHostProcess.js:575:502)
	at $provideHover (/usr/share/code/resources/app/out/vs/workbench/services/extensions/node/extensionHostProcess.js:579:307)
	at h._doInvokeHandler (/usr/share/code/resources/app/out/vs/workbench/services/extensions/node/extensionHostProcess.js:593:118)
	at h._invokeHandler (/usr/share/code/resources/app/out/vs/workbench/services/extensions/node/extensionHostProcess.js:592:777)
	at h._receiveRequest (/usr/share/code/resources/app/out/vs/workbench/services/extensions/node/extensionHostProcess.js:591:383)
	at h._receiveOneMessage (/usr/share/code/resources/app/out/vs/workbench/services/extensions/node/extensionHostProcess.js:590:279)
	at define.constructor._protocol.onMessage.e (/usr/share/code/resources/app/out/vs/workbench/services/extensions/node/extensionHostProcess.js:588:565)
	at u.fire (/usr/share/code/resources/app/out/vs/workbench/services/extensions/node/extensionHostProcess.js:43:254)
	at e (/usr/share/code/resources/app/out/vs/workbench/services/extensions/node/extensionHostProcess.js:39:64)
	at u.fire (/usr/share/code/resources/app/out/vs/workbench/services/extensions/node/extensionHostProcess.js:43:254)
	at s (/usr/share/code/resources/app/out/vs/workbench/services/extensions/node/extensionHostProcess.js:168:754)
	at Socket.define.constructor._socketDataListener.e (/usr/share/code/resources/app/out/vs/workbench/services/extensions/node/extensionHostProcess.js:168:960)
	at Socket.emit (events.js:182:13)
	at addChunk (_stream_readable.js:279:12)
	at readableAddChunk (_stream_readable.js:264:11)
	at Socket.Readable.push (_stream_readable.js:219:10)
	at Pipe.onread (net.js:636:20)
[2019-03-30 08:59:19.836] [exthost] [error] [geequlim.godot-tools] provider FAILED
[2019-03-30 08:59:19.837] [exthost] [error] TypeError: Cannot read property 'indexOf' of undefined
	at Config.normalizePath (/home/dave/.vscode/extensions/geequlim.godot-tools-0.3.7/out/src/config.js:47:18)
	at getHoverText (/home/dave/.vscode/extensions/geequlim.godot-tools-0.3.7/out/src/gdscript/hoverprovider.js:37:63)
	at genWorkspaceTips (/home/dave/.vscode/extensions/geequlim.godot-tools-0.3.7/out/src/gdscript/hoverprovider.js:62:47)
	at GDScriptHoverProvider.provideHover (/home/dave/.vscode/extensions/geequlim.godot-tools-0.3.7/out/src/gdscript/hoverprovider.js:162:9)
	at define.provideHover.a.asPromise (/usr/share/code/resources/app/out/vs/workbench/services/extensions/node/extensionHostProcess.js:563:397)
	at t.asPromise.Promise (/usr/share/code/resources/app/out/vs/workbench/services/extensions/node/extensionHostProcess.js:48:58)
	at new Promise (<anonymous>)
	at Object.t.asPromise (/usr/share/code/resources/app/out/vs/workbench/services/extensions/node/extensionHostProcess.js:48:32)
	at S.provideHover (/usr/share/code/resources/app/out/vs/workbench/services/extensions/node/extensionHostProcess.js:563:368)
	at define.$provideHover._withAdapter.e (/usr/share/code/resources/app/out/vs/workbench/services/extensions/node/extensionHostProcess.js:579:329)
	at $._withAdapter (/usr/share/code/resources/app/out/vs/workbench/services/extensions/node/extensionHostProcess.js:575:502)
	at $provideHover (/usr/share/code/resources/app/out/vs/workbench/services/extensions/node/extensionHostProcess.js:579:307)
	at h._doInvokeHandler (/usr/share/code/resources/app/out/vs/workbench/services/extensions/node/extensionHostProcess.js:593:118)
	at h._invokeHandler (/usr/share/code/resources/app/out/vs/workbench/services/extensions/node/extensionHostProcess.js:592:777)
	at h._receiveRequest (/usr/share/code/resources/app/out/vs/workbench/services/extensions/node/extensionHostProcess.js:591:383)
	at h._receiveOneMessage (/usr/share/code/resources/app/out/vs/workbench/services/extensions/node/extensionHostProcess.js:590:279)
	at define.constructor._protocol.onMessage.e (/usr/share/code/resources/app/out/vs/workbench/services/extensions/node/extensionHostProcess.js:588:565)
	at u.fire (/usr/share/code/resources/app/out/vs/workbench/services/extensions/node/extensionHostProcess.js:43:254)
	at e (/usr/share/code/resources/app/out/vs/workbench/services/extensions/node/extensionHostProcess.js:39:64)
	at u.fire (/usr/share/code/resources/app/out/vs/workbench/services/extensions/node/extensionHostProcess.js:43:254)
	at s (/usr/share/code/resources/app/out/vs/workbench/services/extensions/node/extensionHostProcess.js:168:754)
	at Socket.define.constructor._socketDataListener.e (/usr/share/code/resources/app/out/vs/workbench/services/extensions/node/extensionHostProcess.js:168:960)
	at Socket.emit (events.js:182:13)
	at addChunk (_stream_readable.js:279:12)
	at readableAddChunk (_stream_readable.js:264:11)
	at Socket.Readable.push (_stream_readable.js:219:10)
	at Pipe.onread (net.js:636:20)
[2019-03-30 08:59:21.236] [exthost] [error] [geequlim.godot-tools] provider FAILED
[2019-03-30 08:59:21.236] [exthost] [error] TypeError: Cannot read property 'indexOf' of undefined
	at Config.normalizePath (/home/dave/.vscode/extensions/geequlim.godot-tools-0.3.7/out/src/config.js:47:18)
	at getHoverText (/home/dave/.vscode/extensions/geequlim.godot-tools-0.3.7/out/src/gdscript/hoverprovider.js:37:63)
	at genWorkspaceTips (/home/dave/.vscode/extensions/geequlim.godot-tools-0.3.7/out/src/gdscript/hoverprovider.js:62:47)
	at GDScriptHoverProvider.provideHover (/home/dave/.vscode/extensions/geequlim.godot-tools-0.3.7/out/src/gdscript/hoverprovider.js:162:9)
	at define.provideHover.a.asPromise (/usr/share/code/resources/app/out/vs/workbench/services/extensions/node/extensionHostProcess.js:563:397)
	at t.asPromise.Promise (/usr/share/code/resources/app/out/vs/workbench/services/extensions/node/extensionHostProcess.js:48:58)
	at new Promise (<anonymous>)
	at Object.t.asPromise (/usr/share/code/resources/app/out/vs/workbench/services/extensions/node/extensionHostProcess.js:48:32)
	at S.provideHover (/usr/share/code/resources/app/out/vs/workbench/services/extensions/node/extensionHostProcess.js:563:368)
	at define.$provideHover._withAdapter.e (/usr/share/code/resources/app/out/vs/workbench/services/extensions/node/extensionHostProcess.js:579:329)
	at $._withAdapter (/usr/share/code/resources/app/out/vs/workbench/services/extensions/node/extensionHostProcess.js:575:502)
	at $provideHover (/usr/share/code/resources/app/out/vs/workbench/services/extensions/node/extensionHostProcess.js:579:307)
	at h._doInvokeHandler (/usr/share/code/resources/app/out/vs/workbench/services/extensions/node/extensionHostProcess.js:593:118)
	at h._invokeHandler (/usr/share/code/resources/app/out/vs/workbench/services/extensions/node/extensionHostProcess.js:592:777)
	at h._receiveRequest (/usr/share/code/resources/app/out/vs/workbench/services/extensions/node/extensionHostProcess.js:591:383)
	at h._receiveOneMessage (/usr/share/code/resources/app/out/vs/workbench/services/extensions/node/extensionHostProcess.js:590:279)
	at define.constructor._protocol.onMessage.e (/usr/share/code/resources/app/out/vs/workbench/services/extensions/node/extensionHostProcess.js:588:565)
	at u.fire (/usr/share/code/resources/app/out/vs/workbench/services/extensions/node/extensionHostProcess.js:43:254)
	at e (/usr/share/code/resources/app/out/vs/workbench/services/extensions/node/extensionHostProcess.js:39:64)
	at u.fire (/usr/share/code/resources/app/out/vs/workbench/services/extensions/node/extensionHostProcess.js:43:254)
	at s (/usr/share/code/resources/app/out/vs/workbench/services/extensions/node/extensionHostProcess.js:168:754)
	at Socket.define.constructor._socketDataListener.e (/usr/share/code/resources/app/out/vs/workbench/services/extensions/node/extensionHostProcess.js:168:960)
	at Socket.emit (events.js:182:13)
	at addChunk (_stream_readable.js:279:12)
	at readableAddChunk (_stream_readable.js:264:11)
	at Socket.Readable.push (_stream_readable.js:219:10)
	at Pipe.onread (net.js:636:20)
[2019-03-30 09:03:12.582] [exthost] [error] [geequlim.godot-tools] provider FAILED
[2019-03-30 09:03:12.583] [exthost] [error] TypeError: Cannot read property 'indexOf' of undefined
	at Config.normalizePath (/home/dave/.vscode/extensions/geequlim.godot-tools-0.3.7/out/src/config.js:47:18)
	at Config.getWorkspaceCompletionItems (/home/dave/.vscode/extensions/geequlim.godot-tools-0.3.7/out/src/config.js:165:35)
	at GDScriptCompletionItemProvider.provideCompletionItems (/home/dave/.vscode/extensions/geequlim.godot-tools-0.3.7/out/src/gdscript/completion.js:35:49)
	at define.provideCompletionItems.a.asPromise (/usr/share/code/resources/app/out/vs/workbench/services/extensions/node/extensionHostProcess.js:569:293)
	at t.asPromise.Promise (/usr/share/code/resources/app/out/vs/workbench/services/extensions/node/extensionHostProcess.js:48:58)
	at new Promise (<anonymous>)
	at Object.t.asPromise (/usr/share/code/resources/app/out/vs/workbench/services/extensions/node/extensionHostProcess.js:48:32)
	at O.provideCompletionItems (/usr/share/code/resources/app/out/vs/workbench/services/extensions/node/extensionHostProcess.js:569:264)
	at define.$provideCompletionItems._withAdapter.e (/usr/share/code/resources/app/out/vs/workbench/services/extensions/node/extensionHostProcess.js:582:811)
	at $._withAdapter (/usr/share/code/resources/app/out/vs/workbench/services/extensions/node/extensionHostProcess.js:575:502)
	at $provideCompletionItems (/usr/share/code/resources/app/out/vs/workbench/services/extensions/node/extensionHostProcess.js:582:789)
	at h._doInvokeHandler (/usr/share/code/resources/app/out/vs/workbench/services/extensions/node/extensionHostProcess.js:593:118)
	at h._invokeHandler (/usr/share/code/resources/app/out/vs/workbench/services/extensions/node/extensionHostProcess.js:592:777)
	at h._receiveRequest (/usr/share/code/resources/app/out/vs/workbench/services/extensions/node/extensionHostProcess.js:591:383)
	at h._receiveOneMessage (/usr/share/code/resources/app/out/vs/workbench/services/extensions/node/extensionHostProcess.js:590:279)
	at define.constructor._protocol.onMessage.e (/usr/share/code/resources/app/out/vs/workbench/services/extensions/node/extensionHostProcess.js:588:565)
	at u.fire (/usr/share/code/resources/app/out/vs/workbench/services/extensions/node/extensionHostProcess.js:43:254)
	at e (/usr/share/code/resources/app/out/vs/workbench/services/extensions/node/extensionHostProcess.js:39:64)
	at u.fire (/usr/share/code/resources/app/out/vs/workbench/services/extensions/node/extensionHostProcess.js:43:254)
	at s (/usr/share/code/resources/app/out/vs/workbench/services/extensions/node/extensionHostProcess.js:168:754)
	at Socket.define.constructor._socketDataListener.e (/usr/share/code/resources/app/out/vs/workbench/services/extensions/node/extensionHostProcess.js:168:960)
	at Socket.emit (events.js:182:13)
	at addChunk (_stream_readable.js:279:12)
	at readableAddChunk (_stream_readable.js:264:11)
	at Socket.Readable.push (_stream_readable.js:219:10)
	at Pipe.onread (net.js:636:20)
[2019-03-30 09:05:01.649] [exthost] [error] [geequlim.godot-tools] provider FAILED
[2019-03-30 09:05:01.649] [exthost] [error] TypeError: Cannot read property 'indexOf' of undefined
	at Config.normalizePath (/home/dave/.vscode/extensions/geequlim.godot-tools-0.3.7/out/src/config.js:47:18)
	at getHoverText (/home/dave/.vscode/extensions/geequlim.godot-tools-0.3.7/out/src/gdscript/hoverprovider.js:37:63)
	at genWorkspaceTips (/home/dave/.vscode/extensions/geequlim.godot-tools-0.3.7/out/src/gdscript/hoverprovider.js:62:47)
	at GDScriptHoverProvider.provideHover (/home/dave/.vscode/extensions/geequlim.godot-tools-0.3.7/out/src/gdscript/hoverprovider.js:162:9)
	at define.provideHover.a.asPromise (/usr/share/code/resources/app/out/vs/workbench/services/extensions/node/extensionHostProcess.js:563:397)
	at t.asPromise.Promise (/usr/share/code/resources/app/out/vs/workbench/services/extensions/node/extensionHostProcess.js:48:58)
	at new Promise (<anonymous>)
	at Object.t.asPromise (/usr/share/code/resources/app/out/vs/workbench/services/extensions/node/extensionHostProcess.js:48:32)
	at S.provideHover (/usr/share/code/resources/app/out/vs/workbench/services/extensions/node/extensionHostProcess.js:563:368)
	at define.$provideHover._withAdapter.e (/usr/share/code/resources/app/out/vs/workbench/services/extensions/node/extensionHostProcess.js:579:329)
	at $._withAdapter (/usr/share/code/resources/app/out/vs/workbench/services/extensions/node/extensionHostProcess.js:575:502)
	at $provideHover (/usr/share/code/resources/app/out/vs/workbench/services/extensions/node/extensionHostProcess.js:579:307)
	at h._doInvokeHandler (/usr/share/code/resources/app/out/vs/workbench/services/extensions/node/extensionHostProcess.js:593:118)
	at h._invokeHandler (/usr/share/code/resources/app/out/vs/workbench/services/extensions/node/extensionHostProcess.js:592:777)
	at h._receiveRequest (/usr/share/code/resources/app/out/vs/workbench/services/extensions/node/extensionHostProcess.js:591:383)
	at h._receiveOneMessage (/usr/share/code/resources/app/out/vs/workbench/services/extensions/node/extensionHostProcess.js:590:279)
	at define.constructor._protocol.onMessage.e (/usr/share/code/resources/app/out/vs/workbench/services/extensions/node/extensionHostProcess.js:588:565)
	at u.fire (/usr/share/code/resources/app/out/vs/workbench/services/extensions/node/extensionHostProcess.js:43:254)
	at e (/usr/share/code/resources/app/out/vs/workbench/services/extensions/node/extensionHostProcess.js:39:64)
	at u.fire (/usr/share/code/resources/app/out/vs/workbench/services/extensions/node/extensionHostProcess.js:43:254)
	at s (/usr/share/code/resources/app/out/vs/workbench/services/extensions/node/extensionHostProcess.js:168:754)
	at Socket.define.constructor._socketDataListener.e (/usr/share/code/resources/app/out/vs/workbench/services/extensions/node/extensionHostProcess.js:168:960)
	at Socket.emit (events.js:182:13)
	at addChunk (_stream_readable.js:279:12)
	at readableAddChunk (_stream_readable.js:264:11)
	at Socket.Readable.push (_stream_readable.js:219:10)
	at Pipe.onread (net.js:636:20)
[2019-03-30 09:18:18.694] [exthost] [error] [geequlim.godot-tools] provider FAILED
[2019-03-30 09:18:18.695] [exthost] [error] TypeError: Cannot read property 'indexOf' of undefined
	at Config.normalizePath (/home/dave/.vscode/extensions/geequlim.godot-tools-0.3.7/out/src/config.js:47:18)
	at Config.getWorkspaceCompletionItems (/home/dave/.vscode/extensions/geequlim.godot-tools-0.3.7/out/src/config.js:165:35)
	at GDScriptCompletionItemProvider.provideCompletionItems (/home/dave/.vscode/extensions/geequlim.godot-tools-0.3.7/out/src/gdscript/completion.js:35:49)
	at define.provideCompletionItems.a.asPromise (/usr/share/code/resources/app/out/vs/workbench/services/extensions/node/extensionHostProcess.js:569:293)
	at t.asPromise.Promise (/usr/share/code/resources/app/out/vs/workbench/services/extensions/node/extensionHostProcess.js:48:58)
	at new Promise (<anonymous>)
	at Object.t.asPromise (/usr/share/code/resources/app/out/vs/workbench/services/extensions/node/extensionHostProcess.js:48:32)
	at O.provideCompletionItems (/usr/share/code/resources/app/out/vs/workbench/services/extensions/node/extensionHostProcess.js:569:264)
	at define.$provideCompletionItems._withAdapter.e (/usr/share/code/resources/app/out/vs/workbench/services/extensions/node/extensionHostProcess.js:582:811)
	at $._withAdapter (/usr/share/code/resources/app/out/vs/workbench/services/extensions/node/extensionHostProcess.js:575:502)
	at $provideCompletionItems (/usr/share/code/resources/app/out/vs/workbench/services/extensions/node/extensionHostProcess.js:582:789)
	at h._doInvokeHandler (/usr/share/code/resources/app/out/vs/workbench/services/extensions/node/extensionHostProcess.js:593:118)
	at h._invokeHandler (/usr/share/code/resources/app/out/vs/workbench/services/extensions/node/extensionHostProcess.js:592:777)
	at h._receiveRequest (/usr/share/code/resources/app/out/vs/workbench/services/extensions/node/extensionHostProcess.js:591:383)
	at h._receiveOneMessage (/usr/share/code/resources/app/out/vs/workbench/services/extensions/node/extensionHostProcess.js:590:279)
	at define.constructor._protocol.onMessage.e (/usr/share/code/resources/app/out/vs/workbench/services/extensions/node/extensionHostProcess.js:588:565)
	at u.fire (/usr/share/code/resources/app/out/vs/workbench/services/extensions/node/extensionHostProcess.js:43:254)
	at e (/usr/share/code/resources/app/out/vs/workbench/services/extensions/node/extensionHostProcess.js:39:64)
	at u.fire (/usr/share/code/resources/app/out/vs/workbench/services/extensions/node/extensionHostProcess.js:43:254)
	at s (/usr/share/code/resources/app/out/vs/workbench/services/extensions/node/extensionHostProcess.js:168:754)
	at Socket.define.constructor._socketDataListener.e (/usr/share/code/resources/app/out/vs/workbench/services/extensions/node/extensionHostProcess.js:168:960)
	at Socket.emit (events.js:182:13)
	at addChunk (_stream_readable.js:279:12)
	at readableAddChunk (_stream_readable.js:264:11)
	at Socket.Readable.push (_stream_readable.js:219:10)
	at Pipe.onread (net.js:636:20)
