[2019-03-30 08:44:37.247] [renderer1] [info] no standard startup: not the explorer viewlet
[2019-03-30 08:47:22.197] [renderer1] [error] Cannot read property 'start' of undefined: TypeError: Cannot read property 'start' of undefined
	at Object.getSelectedContent (/home/dave/.vscode/extensions/geequlim.godot-tools-0.3.7/out/src/gdscript/utils.js:11:45)
	at GDScriptHoverProvider.provideHover (/home/dave/.vscode/extensions/geequlim.godot-tools-0.3.7/out/src/gdscript/hoverprovider.js:15:33)
	at define.provideHover.a.asPromise (/usr/share/code/resources/app/out/vs/workbench/services/extensions/node/extensionHostProcess.js:563:397)
	at t.asPromise.Promise (/usr/share/code/resources/app/out/vs/workbench/services/extensions/node/extensionHostProcess.js:48:58)
	at new Promise (<anonymous>)
	at Object.t.asPromise (/usr/share/code/resources/app/out/vs/workbench/services/extensions/node/extensionHostProcess.js:48:32)
	at S.provideHover (/usr/share/code/resources/app/out/vs/workbench/services/extensions/node/extensionHostProcess.js:563:368)
	at define.$provideHover._withAdapter.e (/usr/share/code/resources/app/out/vs/workbench/services/extensions/node/extensionHostProcess.js:579:329)
	at $._withAdapter (/usr/share/code/resources/app/out/vs/workbench/services/extensions/node/extensionHostProcess.js:575:502)
	at $provideHover (/usr/share/code/resources/app/out/vs/workbench/services/extensions/node/extensionHostProcess.js:579:307)
	at h._doInvokeHandler (/usr/share/code/resources/app/out/vs/workbench/services/extensions/node/extensionHostProcess.js:593:118)
	at h._invokeHandler (/usr/share/code/resources/app/out/vs/workbench/services/extensions/node/extensionHostProcess.js:592:777)
	at h._receiveRequest (/usr/share/code/resources/app/out/vs/workbench/services/extensions/node/extensionHostProcess.js:591:383)
	at h._receiveOneMessage (/usr/share/code/resources/app/out/vs/workbench/services/extensions/node/extensionHostProcess.js:590:279)
	at define.constructor._protocol.onMessage.e (/usr/share/code/resources/app/out/vs/workbench/services/extensions/node/extensionHostProcess.js:588:565)
	at u.fire (/usr/share/code/resources/app/out/vs/workbench/services/extensions/node/extensionHostProcess.js:43:254)
	at e (/usr/share/code/resources/app/out/vs/workbench/services/extensions/node/extensionHostProcess.js:39:64)
	at u.fire (/usr/share/code/resources/app/out/vs/workbench/services/extensions/node/extensionHostProcess.js:43:254)
	at s (/usr/share/code/resources/app/out/vs/workbench/services/extensions/node/extensionHostProcess.js:168:754)
	at Socket.define.constructor._socketDataListener.e (/usr/share/code/resources/app/out/vs/workbench/services/extensions/node/extensionHostProcess.js:168:960)
	at Socket.emit (events.js:182:13)
	at addChunk (_stream_readable.js:279:12)
	at readableAddChunk (_stream_readable.js:264:11)
	at Socket.Readable.push (_stream_readable.js:219:10)
	at Pipe.onread (net.js:636:20)
[2019-03-30 08:47:32.170] [renderer1] [error] Cannot read property 'start' of undefined: TypeError: Cannot read property 'start' of undefined
	at Object.getSelectedContent (/home/dave/.vscode/extensions/geequlim.godot-tools-0.3.7/out/src/gdscript/utils.js:11:45)
	at GDScriptHoverProvider.provideHover (/home/dave/.vscode/extensions/geequlim.godot-tools-0.3.7/out/src/gdscript/hoverprovider.js:15:33)
	at define.provideHover.a.asPromise (/usr/share/code/resources/app/out/vs/workbench/services/extensions/node/extensionHostProcess.js:563:397)
	at t.asPromise.Promise (/usr/share/code/resources/app/out/vs/workbench/services/extensions/node/extensionHostProcess.js:48:58)
	at new Promise (<anonymous>)
	at Object.t.asPromise (/usr/share/code/resources/app/out/vs/workbench/services/extensions/node/extensionHostProcess.js:48:32)
	at S.provideHover (/usr/share/code/resources/app/out/vs/workbench/services/extensions/node/extensionHostProcess.js:563:368)
	at define.$provideHover._withAdapter.e (/usr/share/code/resources/app/out/vs/workbench/services/extensions/node/extensionHostProcess.js:579:329)
	at $._withAdapter (/usr/share/code/resources/app/out/vs/workbench/services/extensions/node/extensionHostProcess.js:575:502)
	at $provideHover (/usr/share/code/resources/app/out/vs/workbench/services/extensions/node/extensionHostProcess.js:579:307)
	at h._doInvokeHandler (/usr/share/code/resources/app/out/vs/workbench/services/extensions/node/extensionHostProcess.js:593:118)
	at h._invokeHandler (/usr/share/code/resources/app/out/vs/workbench/services/extensions/node/extensionHostProcess.js:592:777)
	at h._receiveRequest (/usr/share/code/resources/app/out/vs/workbench/services/extensions/node/extensionHostProcess.js:591:383)
	at h._receiveOneMessage (/usr/share/code/resources/app/out/vs/workbench/services/extensions/node/extensionHostProcess.js:590:279)
	at define.constructor._protocol.onMessage.e (/usr/share/code/resources/app/out/vs/workbench/services/extensions/node/extensionHostProcess.js:588:565)
	at u.fire (/usr/share/code/resources/app/out/vs/workbench/services/extensions/node/extensionHostProcess.js:43:254)
	at e (/usr/share/code/resources/app/out/vs/workbench/services/extensions/node/extensionHostProcess.js:39:64)
	at u.fire (/usr/share/code/resources/app/out/vs/workbench/services/extensions/node/extensionHostProcess.js:43:254)
	at s (/usr/share/code/resources/app/out/vs/workbench/services/extensions/node/extensionHostProcess.js:168:754)
	at Socket.define.constructor._socketDataListener.e (/usr/share/code/resources/app/out/vs/workbench/services/extensions/node/extensionHostProcess.js:168:960)
	at Socket.emit (events.js:182:13)
	at addChunk (_stream_readable.js:279:12)
	at readableAddChunk (_stream_readable.js:264:11)
	at Socket.Readable.push (_stream_readable.js:219:10)
	at Pipe.onread (net.js:636:20)
[2019-03-30 08:48:10.088] [renderer1] [error] Cannot read property 'indexOf' of undefined: TypeError: Cannot read property 'indexOf' of undefined
	at Config.normalizePath (/home/dave/.vscode/extensions/geequlim.godot-tools-0.3.7/out/src/config.js:47:18)
	at getHoverText (/home/dave/.vscode/extensions/geequlim.godot-tools-0.3.7/out/src/gdscript/hoverprovider.js:37:63)
	at genWorkspaceTips (/home/dave/.vscode/extensions/geequlim.godot-tools-0.3.7/out/src/gdscript/hoverprovider.js:62:47)
	at GDScriptHoverProvider.provideHover (/home/dave/.vscode/extensions/geequlim.godot-tools-0.3.7/out/src/gdscript/hoverprovider.js:162:9)
	at define.provideHover.a.asPromise (/usr/share/code/resources/app/out/vs/workbench/services/extensions/node/extensionHostProcess.js:563:397)
	at t.asPromise.Promise (/usr/share/code/resources/app/out/vs/workbench/services/extensions/node/extensionHostProcess.js:48:58)
	at new Promise (<anonymous>)
	at Object.t.asPromise (/usr/share/code/resources/app/out/vs/workbench/services/extensions/node/extensionHostProcess.js:48:32)
	at S.provideHover (/usr/share/code/resources/app/out/vs/workbench/services/extensions/node/extensionHostProcess.js:563:368)
	at define.$provideHover._withAdapter.e (/usr/share/code/resources/app/out/vs/workbench/services/extensions/node/extensionHostProcess.js:579:329)
	at $._withAdapter (/usr/share/code/resources/app/out/vs/workbench/services/extensions/node/extensionHostProcess.js:575:502)
	at $provideHover (/usr/share/code/resources/app/out/vs/workbench/services/extensions/node/extensionHostProcess.js:579:307)
	at h._doInvokeHandler (/usr/share/code/resources/app/out/vs/workbench/services/extensions/node/extensionHostProcess.js:593:118)
	at h._invokeHandler (/usr/share/code/resources/app/out/vs/workbench/services/extensions/node/extensionHostProcess.js:592:777)
	at h._receiveRequest (/usr/share/code/resources/app/out/vs/workbench/services/extensions/node/extensionHostProcess.js:591:383)
	at h._receiveOneMessage (/usr/share/code/resources/app/out/vs/workbench/services/extensions/node/extensionHostProcess.js:590:279)
	at define.constructor._protocol.onMessage.e (/usr/share/code/resources/app/out/vs/workbench/services/extensions/node/extensionHostProcess.js:588:565)
	at u.fire (/usr/share/code/resources/app/out/vs/workbench/services/extensions/node/extensionHostProcess.js:43:254)
	at e (/usr/share/code/resources/app/out/vs/workbench/services/extensions/node/extensionHostProcess.js:39:64)
	at u.fire (/usr/share/code/resources/app/out/vs/workbench/services/extensions/node/extensionHostProcess.js:43:254)
	at s (/usr/share/code/resources/app/out/vs/workbench/services/extensions/node/extensionHostProcess.js:168:754)
	at Socket.define.constructor._socketDataListener.e (/usr/share/code/resources/app/out/vs/workbench/services/extensions/node/extensionHostProcess.js:168:960)
	at Socket.emit (events.js:182:13)
	at addChunk (_stream_readable.js:279:12)
	at readableAddChunk (_stream_readable.js:264:11)
	at Socket.Readable.push (_stream_readable.js:219:10)
	at Pipe.onread (net.js:636:20)
[2019-03-30 08:51:27.051] [renderer1] [error] Cannot read property 'indexOf' of undefined: TypeError: Cannot read property 'indexOf' of undefined
	at Config.normalizePath (/home/dave/.vscode/extensions/geequlim.godot-tools-0.3.7/out/src/config.js:47:18)
	at Config.getWorkspaceCompletionItems (/home/dave/.vscode/extensions/geequlim.godot-tools-0.3.7/out/src/config.js:165:35)
	at GDScriptCompletionItemProvider.provideCompletionItems (/home/dave/.vscode/extensions/geequlim.godot-tools-0.3.7/out/src/gdscript/completion.js:35:49)
	at define.provideCompletionItems.a.asPromise (/usr/share/code/resources/app/out/vs/workbench/services/extensions/node/extensionHostProcess.js:569:293)
	at t.asPromise.Promise (/usr/share/code/resources/app/out/vs/workbench/services/extensions/node/extensionHostProcess.js:48:58)
	at new Promise (<anonymous>)
	at Object.t.asPromise (/usr/share/code/resources/app/out/vs/workbench/services/extensions/node/extensionHostProcess.js:48:32)
	at O.provideCompletionItems (/usr/share/code/resources/app/out/vs/workbench/services/extensions/node/extensionHostProcess.js:569:264)
	at define.$provideCompletionItems._withAdapter.e (/usr/share/code/resources/app/out/vs/workbench/services/extensions/node/extensionHostProcess.js:582:811)
	at $._withAdapter (/usr/share/code/resources/app/out/vs/workbench/services/extensions/node/extensionHostProcess.js:575:502)
	at $provideCompletionItems (/usr/share/code/resources/app/out/vs/workbench/services/extensions/node/extensionHostProcess.js:582:789)
	at h._doInvokeHandler (/usr/share/code/resources/app/out/vs/workbench/services/extensions/node/extensionHostProcess.js:593:118)
	at h._invokeHandler (/usr/share/code/resources/app/out/vs/workbench/services/extensions/node/extensionHostProcess.js:592:777)
	at h._receiveRequest (/usr/share/code/resources/app/out/vs/workbench/services/extensions/node/extensionHostProcess.js:591:383)
	at h._receiveOneMessage (/usr/share/code/resources/app/out/vs/workbench/services/extensions/node/extensionHostProcess.js:590:279)
	at define.constructor._protocol.onMessage.e (/usr/share/code/resources/app/out/vs/workbench/services/extensions/node/extensionHostProcess.js:588:565)
	at u.fire (/usr/share/code/resources/app/out/vs/workbench/services/extensions/node/extensionHostProcess.js:43:254)
	at e (/usr/share/code/resources/app/out/vs/workbench/services/extensions/node/extensionHostProcess.js:39:64)
	at u.fire (/usr/share/code/resources/app/out/vs/workbench/services/extensions/node/extensionHostProcess.js:43:254)
	at s (/usr/share/code/resources/app/out/vs/workbench/services/extensions/node/extensionHostProcess.js:168:754)
	at Socket.define.constructor._socketDataListener.e (/usr/share/code/resources/app/out/vs/workbench/services/extensions/node/extensionHostProcess.js:168:960)
	at Socket.emit (events.js:182:13)
	at addChunk (_stream_readable.js:279:12)
	at readableAddChunk (_stream_readable.js:264:11)
	at Socket.Readable.push (_stream_readable.js:219:10)
	at Pipe.onread (net.js:636:20)
[2019-03-30 08:51:31.452] [renderer1] [error] Cannot read property 'indexOf' of undefined: TypeError: Cannot read property 'indexOf' of undefined
	at Config.normalizePath (/home/dave/.vscode/extensions/geequlim.godot-tools-0.3.7/out/src/config.js:47:18)
	at Config.getWorkspaceCompletionItems (/home/dave/.vscode/extensions/geequlim.godot-tools-0.3.7/out/src/config.js:165:35)
	at GDScriptCompletionItemProvider.provideCompletionItems (/home/dave/.vscode/extensions/geequlim.godot-tools-0.3.7/out/src/gdscript/completion.js:35:49)
	at define.provideCompletionItems.a.asPromise (/usr/share/code/resources/app/out/vs/workbench/services/extensions/node/extensionHostProcess.js:569:293)
	at t.asPromise.Promise (/usr/share/code/resources/app/out/vs/workbench/services/extensions/node/extensionHostProcess.js:48:58)
	at new Promise (<anonymous>)
	at Object.t.asPromise (/usr/share/code/resources/app/out/vs/workbench/services/extensions/node/extensionHostProcess.js:48:32)
	at O.provideCompletionItems (/usr/share/code/resources/app/out/vs/workbench/services/extensions/node/extensionHostProcess.js:569:264)
	at define.$provideCompletionItems._withAdapter.e (/usr/share/code/resources/app/out/vs/workbench/services/extensions/node/extensionHostProcess.js:582:811)
	at $._withAdapter (/usr/share/code/resources/app/out/vs/workbench/services/extensions/node/extensionHostProcess.js:575:502)
	at $provideCompletionItems (/usr/share/code/resources/app/out/vs/workbench/services/extensions/node/extensionHostProcess.js:582:789)
	at h._doInvokeHandler (/usr/share/code/resources/app/out/vs/workbench/services/extensions/node/extensionHostProcess.js:593:118)
	at h._invokeHandler (/usr/share/code/resources/app/out/vs/workbench/services/extensions/node/extensionHostProcess.js:592:777)
	at h._receiveRequest (/usr/share/code/resources/app/out/vs/workbench/services/extensions/node/extensionHostProcess.js:591:383)
	at h._receiveOneMessage (/usr/share/code/resources/app/out/vs/workbench/services/extensions/node/extensionHostProcess.js:590:279)
	at define.constructor._protocol.onMessage.e (/usr/share/code/resources/app/out/vs/workbench/services/extensions/node/extensionHostProcess.js:588:565)
	at u.fire (/usr/share/code/resources/app/out/vs/workbench/services/extensions/node/extensionHostProcess.js:43:254)
	at e (/usr/share/code/resources/app/out/vs/workbench/services/extensions/node/extensionHostProcess.js:39:64)
	at u.fire (/usr/share/code/resources/app/out/vs/workbench/services/extensions/node/extensionHostProcess.js:43:254)
	at s (/usr/share/code/resources/app/out/vs/workbench/services/extensions/node/extensionHostProcess.js:168:754)
	at Socket.define.constructor._socketDataListener.e (/usr/share/code/resources/app/out/vs/workbench/services/extensions/node/extensionHostProcess.js:168:960)
	at Socket.emit (events.js:182:13)
	at addChunk (_stream_readable.js:279:12)
	at readableAddChunk (_stream_readable.js:264:11)
	at Socket.Readable.push (_stream_readable.js:219:10)
	at Pipe.onread (net.js:636:20)
[2019-03-30 08:52:36.412] [renderer1] [error] Cannot read property 'indexOf' of undefined: TypeError: Cannot read property 'indexOf' of undefined
	at Config.normalizePath (/home/dave/.vscode/extensions/geequlim.godot-tools-0.3.7/out/src/config.js:47:18)
	at Config.getWorkspaceCompletionItems (/home/dave/.vscode/extensions/geequlim.godot-tools-0.3.7/out/src/config.js:165:35)
	at GDScriptCompletionItemProvider.provideCompletionItems (/home/dave/.vscode/extensions/geequlim.godot-tools-0.3.7/out/src/gdscript/completion.js:35:49)
	at define.provideCompletionItems.a.asPromise (/usr/share/code/resources/app/out/vs/workbench/services/extensions/node/extensionHostProcess.js:569:293)
	at t.asPromise.Promise (/usr/share/code/resources/app/out/vs/workbench/services/extensions/node/extensionHostProcess.js:48:58)
	at new Promise (<anonymous>)
	at Object.t.asPromise (/usr/share/code/resources/app/out/vs/workbench/services/extensions/node/extensionHostProcess.js:48:32)
	at O.provideCompletionItems (/usr/share/code/resources/app/out/vs/workbench/services/extensions/node/extensionHostProcess.js:569:264)
	at define.$provideCompletionItems._withAdapter.e (/usr/share/code/resources/app/out/vs/workbench/services/extensions/node/extensionHostProcess.js:582:811)
	at $._withAdapter (/usr/share/code/resources/app/out/vs/workbench/services/extensions/node/extensionHostProcess.js:575:502)
	at $provideCompletionItems (/usr/share/code/resources/app/out/vs/workbench/services/extensions/node/extensionHostProcess.js:582:789)
	at h._doInvokeHandler (/usr/share/code/resources/app/out/vs/workbench/services/extensions/node/extensionHostProcess.js:593:118)
	at h._invokeHandler (/usr/share/code/resources/app/out/vs/workbench/services/extensions/node/extensionHostProcess.js:592:777)
	at h._receiveRequest (/usr/share/code/resources/app/out/vs/workbench/services/extensions/node/extensionHostProcess.js:591:383)
	at h._receiveOneMessage (/usr/share/code/resources/app/out/vs/workbench/services/extensions/node/extensionHostProcess.js:590:279)
	at define.constructor._protocol.onMessage.e (/usr/share/code/resources/app/out/vs/workbench/services/extensions/node/extensionHostProcess.js:588:565)
	at u.fire (/usr/share/code/resources/app/out/vs/workbench/services/extensions/node/extensionHostProcess.js:43:254)
	at e (/usr/share/code/resources/app/out/vs/workbench/services/extensions/node/extensionHostProcess.js:39:64)
	at u.fire (/usr/share/code/resources/app/out/vs/workbench/services/extensions/node/extensionHostProcess.js:43:254)
	at s (/usr/share/code/resources/app/out/vs/workbench/services/extensions/node/extensionHostProcess.js:168:754)
	at Socket.define.constructor._socketDataListener.e (/usr/share/code/resources/app/out/vs/workbench/services/extensions/node/extensionHostProcess.js:168:960)
	at Socket.emit (events.js:182:13)
	at addChunk (_stream_readable.js:279:12)
	at readableAddChunk (_stream_readable.js:264:11)
	at Socket.Readable.push (_stream_readable.js:219:10)
	at Pipe.onread (net.js:636:20)
[2019-03-30 08:55:34.211] [renderer1] [error] resource is not available: Error: resource is not available
    at m.createReferencedObject (file:///usr/share/code/resources/app/out/vs/workbench/workbench.main.js:4524:416)
    at fileService.canHandleResource.providers.(anonymous function).t.fileService.activateProvider.then (file:///usr/share/code/resources/app/out/vs/workbench/workbench.main.js:4524:514)
    at process._tickCallback (internal/process/next_tick.js:68:7)
[2019-03-30 08:55:36.955] [renderer1] [error] resource is not available: Error: resource is not available
    at m.createReferencedObject (file:///usr/share/code/resources/app/out/vs/workbench/workbench.main.js:4524:416)
    at fileService.canHandleResource.providers.(anonymous function).t.fileService.activateProvider.then (file:///usr/share/code/resources/app/out/vs/workbench/workbench.main.js:4524:514)
    at process._tickCallback (internal/process/next_tick.js:68:7)
[2019-03-30 08:56:22.315] [renderer1] [error] Cannot read property 'indexOf' of undefined: TypeError: Cannot read property 'indexOf' of undefined
	at Config.normalizePath (/home/dave/.vscode/extensions/geequlim.godot-tools-0.3.7/out/src/config.js:47:18)
	at getHoverText (/home/dave/.vscode/extensions/geequlim.godot-tools-0.3.7/out/src/gdscript/hoverprovider.js:37:63)
	at genWorkspaceTips (/home/dave/.vscode/extensions/geequlim.godot-tools-0.3.7/out/src/gdscript/hoverprovider.js:62:47)
	at GDScriptHoverProvider.provideHover (/home/dave/.vscode/extensions/geequlim.godot-tools-0.3.7/out/src/gdscript/hoverprovider.js:162:9)
	at define.provideHover.a.asPromise (/usr/share/code/resources/app/out/vs/workbench/services/extensions/node/extensionHostProcess.js:563:397)
	at t.asPromise.Promise (/usr/share/code/resources/app/out/vs/workbench/services/extensions/node/extensionHostProcess.js:48:58)
	at new Promise (<anonymous>)
	at Object.t.asPromise (/usr/share/code/resources/app/out/vs/workbench/services/extensions/node/extensionHostProcess.js:48:32)
	at S.provideHover (/usr/share/code/resources/app/out/vs/workbench/services/extensions/node/extensionHostProcess.js:563:368)
	at define.$provideHover._withAdapter.e (/usr/share/code/resources/app/out/vs/workbench/services/extensions/node/extensionHostProcess.js:579:329)
	at $._withAdapter (/usr/share/code/resources/app/out/vs/workbench/services/extensions/node/extensionHostProcess.js:575:502)
	at $provideHover (/usr/share/code/resources/app/out/vs/workbench/services/extensions/node/extensionHostProcess.js:579:307)
	at h._doInvokeHandler (/usr/share/code/resources/app/out/vs/workbench/services/extensions/node/extensionHostProcess.js:593:118)
	at h._invokeHandler (/usr/share/code/resources/app/out/vs/workbench/services/extensions/node/extensionHostProcess.js:592:777)
	at h._receiveRequest (/usr/share/code/resources/app/out/vs/workbench/services/extensions/node/extensionHostProcess.js:591:383)
	at h._receiveOneMessage (/usr/share/code/resources/app/out/vs/workbench/services/extensions/node/extensionHostProcess.js:590:279)
	at define.constructor._protocol.onMessage.e (/usr/share/code/resources/app/out/vs/workbench/services/extensions/node/extensionHostProcess.js:588:565)
	at u.fire (/usr/share/code/resources/app/out/vs/workbench/services/extensions/node/extensionHostProcess.js:43:254)
	at e (/usr/share/code/resources/app/out/vs/workbench/services/extensions/node/extensionHostProcess.js:39:64)
	at u.fire (/usr/share/code/resources/app/out/vs/workbench/services/extensions/node/extensionHostProcess.js:43:254)
	at s (/usr/share/code/resources/app/out/vs/workbench/services/extensions/node/extensionHostProcess.js:168:754)
	at Socket.define.constructor._socketDataListener.e (/usr/share/code/resources/app/out/vs/workbench/services/extensions/node/extensionHostProcess.js:168:960)
	at Socket.emit (events.js:182:13)
	at addChunk (_stream_readable.js:279:12)
	at readableAddChunk (_stream_readable.js:264:11)
	at Socket.Readable.push (_stream_readable.js:219:10)
	at Pipe.onread (net.js:636:20)
[2019-03-30 08:56:22.799] [renderer1] [error] Cannot read property 'start' of undefined: TypeError: Cannot read property 'start' of undefined
	at Object.getSelectedContent (/home/dave/.vscode/extensions/geequlim.godot-tools-0.3.7/out/src/gdscript/utils.js:11:45)
	at GDScriptHoverProvider.provideHover (/home/dave/.vscode/extensions/geequlim.godot-tools-0.3.7/out/src/gdscript/hoverprovider.js:15:33)
	at define.provideHover.a.asPromise (/usr/share/code/resources/app/out/vs/workbench/services/extensions/node/extensionHostProcess.js:563:397)
	at t.asPromise.Promise (/usr/share/code/resources/app/out/vs/workbench/services/extensions/node/extensionHostProcess.js:48:58)
	at new Promise (<anonymous>)
	at Object.t.asPromise (/usr/share/code/resources/app/out/vs/workbench/services/extensions/node/extensionHostProcess.js:48:32)
	at S.provideHover (/usr/share/code/resources/app/out/vs/workbench/services/extensions/node/extensionHostProcess.js:563:368)
	at define.$provideHover._withAdapter.e (/usr/share/code/resources/app/out/vs/workbench/services/extensions/node/extensionHostProcess.js:579:329)
	at $._withAdapter (/usr/share/code/resources/app/out/vs/workbench/services/extensions/node/extensionHostProcess.js:575:502)
	at $provideHover (/usr/share/code/resources/app/out/vs/workbench/services/extensions/node/extensionHostProcess.js:579:307)
	at h._doInvokeHandler (/usr/share/code/resources/app/out/vs/workbench/services/extensions/node/extensionHostProcess.js:593:118)
	at h._invokeHandler (/usr/share/code/resources/app/out/vs/workbench/services/extensions/node/extensionHostProcess.js:592:777)
	at h._receiveRequest (/usr/share/code/resources/app/out/vs/workbench/services/extensions/node/extensionHostProcess.js:591:383)
	at h._receiveOneMessage (/usr/share/code/resources/app/out/vs/workbench/services/extensions/node/extensionHostProcess.js:590:279)
	at define.constructor._protocol.onMessage.e (/usr/share/code/resources/app/out/vs/workbench/services/extensions/node/extensionHostProcess.js:588:565)
	at u.fire (/usr/share/code/resources/app/out/vs/workbench/services/extensions/node/extensionHostProcess.js:43:254)
	at e (/usr/share/code/resources/app/out/vs/workbench/services/extensions/node/extensionHostProcess.js:39:64)
	at u.fire (/usr/share/code/resources/app/out/vs/workbench/services/extensions/node/extensionHostProcess.js:43:254)
	at s (/usr/share/code/resources/app/out/vs/workbench/services/extensions/node/extensionHostProcess.js:168:754)
	at Socket.define.constructor._socketDataListener.e (/usr/share/code/resources/app/out/vs/workbench/services/extensions/node/extensionHostProcess.js:168:960)
	at Socket.emit (events.js:182:13)
	at addChunk (_stream_readable.js:279:12)
	at readableAddChunk (_stream_readable.js:264:11)
	at Socket.Readable.push (_stream_readable.js:219:10)
	at Pipe.onread (net.js:636:20)
[2019-03-30 08:58:29.902] [renderer1] [error] Cannot read property 'indexOf' of undefined: TypeError: Cannot read property 'indexOf' of undefined
	at Config.normalizePath (/home/dave/.vscode/extensions/geequlim.godot-tools-0.3.7/out/src/config.js:47:18)
	at Config.getWorkspaceCompletionItems (/home/dave/.vscode/extensions/geequlim.godot-tools-0.3.7/out/src/config.js:165:35)
	at GDScriptCompletionItemProvider.provideCompletionItems (/home/dave/.vscode/extensions/geequlim.godot-tools-0.3.7/out/src/gdscript/completion.js:35:49)
	at define.provideCompletionItems.a.asPromise (/usr/share/code/resources/app/out/vs/workbench/services/extensions/node/extensionHostProcess.js:569:293)
	at t.asPromise.Promise (/usr/share/code/resources/app/out/vs/workbench/services/extensions/node/extensionHostProcess.js:48:58)
	at new Promise (<anonymous>)
	at Object.t.asPromise (/usr/share/code/resources/app/out/vs/workbench/services/extensions/node/extensionHostProcess.js:48:32)
	at O.provideCompletionItems (/usr/share/code/resources/app/out/vs/workbench/services/extensions/node/extensionHostProcess.js:569:264)
	at define.$provideCompletionItems._withAdapter.e (/usr/share/code/resources/app/out/vs/workbench/services/extensions/node/extensionHostProcess.js:582:811)
	at $._withAdapter (/usr/share/code/resources/app/out/vs/workbench/services/extensions/node/extensionHostProcess.js:575:502)
	at $provideCompletionItems (/usr/share/code/resources/app/out/vs/workbench/services/extensions/node/extensionHostProcess.js:582:789)
	at h._doInvokeHandler (/usr/share/code/resources/app/out/vs/workbench/services/extensions/node/extensionHostProcess.js:593:118)
	at h._invokeHandler (/usr/share/code/resources/app/out/vs/workbench/services/extensions/node/extensionHostProcess.js:592:777)
	at h._receiveRequest (/usr/share/code/resources/app/out/vs/workbench/services/extensions/node/extensionHostProcess.js:591:383)
	at h._receiveOneMessage (/usr/share/code/resources/app/out/vs/workbench/services/extensions/node/extensionHostProcess.js:590:279)
	at define.constructor._protocol.onMessage.e (/usr/share/code/resources/app/out/vs/workbench/services/extensions/node/extensionHostProcess.js:588:565)
	at u.fire (/usr/share/code/resources/app/out/vs/workbench/services/extensions/node/extensionHostProcess.js:43:254)
	at e (/usr/share/code/resources/app/out/vs/workbench/services/extensions/node/extensionHostProcess.js:39:64)
	at u.fire (/usr/share/code/resources/app/out/vs/workbench/services/extensions/node/extensionHostProcess.js:43:254)
	at s (/usr/share/code/resources/app/out/vs/workbench/services/extensions/node/extensionHostProcess.js:168:754)
	at Socket.define.constructor._socketDataListener.e (/usr/share/code/resources/app/out/vs/workbench/services/extensions/node/extensionHostProcess.js:168:960)
	at Socket.emit (events.js:182:13)
	at addChunk (_stream_readable.js:279:12)
	at readableAddChunk (_stream_readable.js:264:11)
	at Socket.Readable.push (_stream_readable.js:219:10)
	at Pipe.onread (net.js:636:20)
[2019-03-30 08:58:47.537] [renderer1] [error] Cannot read property 'indexOf' of undefined: TypeError: Cannot read property 'indexOf' of undefined
	at Config.normalizePath (/home/dave/.vscode/extensions/geequlim.godot-tools-0.3.7/out/src/config.js:47:18)
	at Config.getWorkspaceCompletionItems (/home/dave/.vscode/extensions/geequlim.godot-tools-0.3.7/out/src/config.js:165:35)
	at GDScriptCompletionItemProvider.provideCompletionItems (/home/dave/.vscode/extensions/geequlim.godot-tools-0.3.7/out/src/gdscript/completion.js:35:49)
	at define.provideCompletionItems.a.asPromise (/usr/share/code/resources/app/out/vs/workbench/services/extensions/node/extensionHostProcess.js:569:293)
	at t.asPromise.Promise (/usr/share/code/resources/app/out/vs/workbench/services/extensions/node/extensionHostProcess.js:48:58)
	at new Promise (<anonymous>)
	at Object.t.asPromise (/usr/share/code/resources/app/out/vs/workbench/services/extensions/node/extensionHostProcess.js:48:32)
	at O.provideCompletionItems (/usr/share/code/resources/app/out/vs/workbench/services/extensions/node/extensionHostProcess.js:569:264)
	at define.$provideCompletionItems._withAdapter.e (/usr/share/code/resources/app/out/vs/workbench/services/extensions/node/extensionHostProcess.js:582:811)
	at $._withAdapter (/usr/share/code/resources/app/out/vs/workbench/services/extensions/node/extensionHostProcess.js:575:502)
	at $provideCompletionItems (/usr/share/code/resources/app/out/vs/workbench/services/extensions/node/extensionHostProcess.js:582:789)
	at h._doInvokeHandler (/usr/share/code/resources/app/out/vs/workbench/services/extensions/node/extensionHostProcess.js:593:118)
	at h._invokeHandler (/usr/share/code/resources/app/out/vs/workbench/services/extensions/node/extensionHostProcess.js:592:777)
	at h._receiveRequest (/usr/share/code/resources/app/out/vs/workbench/services/extensions/node/extensionHostProcess.js:591:383)
	at h._receiveOneMessage (/usr/share/code/resources/app/out/vs/workbench/services/extensions/node/extensionHostProcess.js:590:279)
	at define.constructor._protocol.onMessage.e (/usr/share/code/resources/app/out/vs/workbench/services/extensions/node/extensionHostProcess.js:588:565)
	at u.fire (/usr/share/code/resources/app/out/vs/workbench/services/extensions/node/extensionHostProcess.js:43:254)
	at e (/usr/share/code/resources/app/out/vs/workbench/services/extensions/node/extensionHostProcess.js:39:64)
	at u.fire (/usr/share/code/resources/app/out/vs/workbench/services/extensions/node/extensionHostProcess.js:43:254)
	at s (/usr/share/code/resources/app/out/vs/workbench/services/extensions/node/extensionHostProcess.js:168:754)
	at Socket.define.constructor._socketDataListener.e (/usr/share/code/resources/app/out/vs/workbench/services/extensions/node/extensionHostProcess.js:168:960)
	at Socket.emit (events.js:182:13)
	at addChunk (_stream_readable.js:279:12)
	at readableAddChunk (_stream_readable.js:264:11)
	at Socket.Readable.push (_stream_readable.js:219:10)
	at Pipe.onread (net.js:636:20)
[2019-03-30 08:58:51.490] [renderer1] [error] Cannot read property 'indexOf' of undefined: TypeError: Cannot read property 'indexOf' of undefined
	at Config.normalizePath (/home/dave/.vscode/extensions/geequlim.godot-tools-0.3.7/out/src/config.js:47:18)
	at Config.getWorkspaceCompletionItems (/home/dave/.vscode/extensions/geequlim.godot-tools-0.3.7/out/src/config.js:165:35)
	at GDScriptCompletionItemProvider.provideCompletionItems (/home/dave/.vscode/extensions/geequlim.godot-tools-0.3.7/out/src/gdscript/completion.js:35:49)
	at define.provideCompletionItems.a.asPromise (/usr/share/code/resources/app/out/vs/workbench/services/extensions/node/extensionHostProcess.js:569:293)
	at t.asPromise.Promise (/usr/share/code/resources/app/out/vs/workbench/services/extensions/node/extensionHostProcess.js:48:58)
	at new Promise (<anonymous>)
	at Object.t.asPromise (/usr/share/code/resources/app/out/vs/workbench/services/extensions/node/extensionHostProcess.js:48:32)
	at O.provideCompletionItems (/usr/share/code/resources/app/out/vs/workbench/services/extensions/node/extensionHostProcess.js:569:264)
	at define.$provideCompletionItems._withAdapter.e (/usr/share/code/resources/app/out/vs/workbench/services/extensions/node/extensionHostProcess.js:582:811)
	at $._withAdapter (/usr/share/code/resources/app/out/vs/workbench/services/extensions/node/extensionHostProcess.js:575:502)
	at $provideCompletionItems (/usr/share/code/resources/app/out/vs/workbench/services/extensions/node/extensionHostProcess.js:582:789)
	at h._doInvokeHandler (/usr/share/code/resources/app/out/vs/workbench/services/extensions/node/extensionHostProcess.js:593:118)
	at h._invokeHandler (/usr/share/code/resources/app/out/vs/workbench/services/extensions/node/extensionHostProcess.js:592:777)
	at h._receiveRequest (/usr/share/code/resources/app/out/vs/workbench/services/extensions/node/extensionHostProcess.js:591:383)
	at h._receiveOneMessage (/usr/share/code/resources/app/out/vs/workbench/services/extensions/node/extensionHostProcess.js:590:279)
	at define.constructor._protocol.onMessage.e (/usr/share/code/resources/app/out/vs/workbench/services/extensions/node/extensionHostProcess.js:588:565)
	at u.fire (/usr/share/code/resources/app/out/vs/workbench/services/extensions/node/extensionHostProcess.js:43:254)
	at e (/usr/share/code/resources/app/out/vs/workbench/services/extensions/node/extensionHostProcess.js:39:64)
	at u.fire (/usr/share/code/resources/app/out/vs/workbench/services/extensions/node/extensionHostProcess.js:43:254)
	at s (/usr/share/code/resources/app/out/vs/workbench/services/extensions/node/extensionHostProcess.js:168:754)
	at Socket.define.constructor._socketDataListener.e (/usr/share/code/resources/app/out/vs/workbench/services/extensions/node/extensionHostProcess.js:168:960)
	at Socket.emit (events.js:182:13)
	at addChunk (_stream_readable.js:279:12)
	at readableAddChunk (_stream_readable.js:264:11)
	at Socket.Readable.push (_stream_readable.js:219:10)
	at Pipe.onread (net.js:636:20)
[2019-03-30 08:59:06.370] [renderer1] [error] Cannot read property 'indexOf' of undefined: TypeError: Cannot read property 'indexOf' of undefined
	at Config.normalizePath (/home/dave/.vscode/extensions/geequlim.godot-tools-0.3.7/out/src/config.js:47:18)
	at Config.getWorkspaceCompletionItems (/home/dave/.vscode/extensions/geequlim.godot-tools-0.3.7/out/src/config.js:165:35)
	at GDScriptCompletionItemProvider.provideCompletionItems (/home/dave/.vscode/extensions/geequlim.godot-tools-0.3.7/out/src/gdscript/completion.js:35:49)
	at define.provideCompletionItems.a.asPromise (/usr/share/code/resources/app/out/vs/workbench/services/extensions/node/extensionHostProcess.js:569:293)
	at t.asPromise.Promise (/usr/share/code/resources/app/out/vs/workbench/services/extensions/node/extensionHostProcess.js:48:58)
	at new Promise (<anonymous>)
	at Object.t.asPromise (/usr/share/code/resources/app/out/vs/workbench/services/extensions/node/extensionHostProcess.js:48:32)
	at O.provideCompletionItems (/usr/share/code/resources/app/out/vs/workbench/services/extensions/node/extensionHostProcess.js:569:264)
	at define.$provideCompletionItems._withAdapter.e (/usr/share/code/resources/app/out/vs/workbench/services/extensions/node/extensionHostProcess.js:582:811)
	at $._withAdapter (/usr/share/code/resources/app/out/vs/workbench/services/extensions/node/extensionHostProcess.js:575:502)
	at $provideCompletionItems (/usr/share/code/resources/app/out/vs/workbench/services/extensions/node/extensionHostProcess.js:582:789)
	at h._doInvokeHandler (/usr/share/code/resources/app/out/vs/workbench/services/extensions/node/extensionHostProcess.js:593:118)
	at h._invokeHandler (/usr/share/code/resources/app/out/vs/workbench/services/extensions/node/extensionHostProcess.js:592:777)
	at h._receiveRequest (/usr/share/code/resources/app/out/vs/workbench/services/extensions/node/extensionHostProcess.js:591:383)
	at h._receiveOneMessage (/usr/share/code/resources/app/out/vs/workbench/services/extensions/node/extensionHostProcess.js:590:279)
	at define.constructor._protocol.onMessage.e (/usr/share/code/resources/app/out/vs/workbench/services/extensions/node/extensionHostProcess.js:588:565)
	at u.fire (/usr/share/code/resources/app/out/vs/workbench/services/extensions/node/extensionHostProcess.js:43:254)
	at e (/usr/share/code/resources/app/out/vs/workbench/services/extensions/node/extensionHostProcess.js:39:64)
	at u.fire (/usr/share/code/resources/app/out/vs/workbench/services/extensions/node/extensionHostProcess.js:43:254)
	at s (/usr/share/code/resources/app/out/vs/workbench/services/extensions/node/extensionHostProcess.js:168:754)
	at Socket.define.constructor._socketDataListener.e (/usr/share/code/resources/app/out/vs/workbench/services/extensions/node/extensionHostProcess.js:168:960)
	at Socket.emit (events.js:182:13)
	at addChunk (_stream_readable.js:279:12)
	at readableAddChunk (_stream_readable.js:264:11)
	at Socket.Readable.push (_stream_readable.js:219:10)
	at Pipe.onread (net.js:636:20)
[2019-03-30 08:59:14.790] [renderer1] [error] Cannot read property 'indexOf' of undefined: TypeError: Cannot read property 'indexOf' of undefined
	at Config.normalizePath (/home/dave/.vscode/extensions/geequlim.godot-tools-0.3.7/out/src/config.js:47:18)
	at getHoverText (/home/dave/.vscode/extensions/geequlim.godot-tools-0.3.7/out/src/gdscript/hoverprovider.js:37:63)
	at genWorkspaceTips (/home/dave/.vscode/extensions/geequlim.godot-tools-0.3.7/out/src/gdscript/hoverprovider.js:62:47)
	at GDScriptHoverProvider.provideHover (/home/dave/.vscode/extensions/geequlim.godot-tools-0.3.7/out/src/gdscript/hoverprovider.js:162:9)
	at define.provideHover.a.asPromise (/usr/share/code/resources/app/out/vs/workbench/services/extensions/node/extensionHostProcess.js:563:397)
	at t.asPromise.Promise (/usr/share/code/resources/app/out/vs/workbench/services/extensions/node/extensionHostProcess.js:48:58)
	at new Promise (<anonymous>)
	at Object.t.asPromise (/usr/share/code/resources/app/out/vs/workbench/services/extensions/node/extensionHostProcess.js:48:32)
	at S.provideHover (/usr/share/code/resources/app/out/vs/workbench/services/extensions/node/extensionHostProcess.js:563:368)
	at define.$provideHover._withAdapter.e (/usr/share/code/resources/app/out/vs/workbench/services/extensions/node/extensionHostProcess.js:579:329)
	at $._withAdapter (/usr/share/code/resources/app/out/vs/workbench/services/extensions/node/extensionHostProcess.js:575:502)
	at $provideHover (/usr/share/code/resources/app/out/vs/workbench/services/extensions/node/extensionHostProcess.js:579:307)
	at h._doInvokeHandler (/usr/share/code/resources/app/out/vs/workbench/services/extensions/node/extensionHostProcess.js:593:118)
	at h._invokeHandler (/usr/share/code/resources/app/out/vs/workbench/services/extensions/node/extensionHostProcess.js:592:777)
	at h._receiveRequest (/usr/share/code/resources/app/out/vs/workbench/services/extensions/node/extensionHostProcess.js:591:383)
	at h._receiveOneMessage (/usr/share/code/resources/app/out/vs/workbench/services/extensions/node/extensionHostProcess.js:590:279)
	at define.constructor._protocol.onMessage.e (/usr/share/code/resources/app/out/vs/workbench/services/extensions/node/extensionHostProcess.js:588:565)
	at u.fire (/usr/share/code/resources/app/out/vs/workbench/services/extensions/node/extensionHostProcess.js:43:254)
	at e (/usr/share/code/resources/app/out/vs/workbench/services/extensions/node/extensionHostProcess.js:39:64)
	at u.fire (/usr/share/code/resources/app/out/vs/workbench/services/extensions/node/extensionHostProcess.js:43:254)
	at s (/usr/share/code/resources/app/out/vs/workbench/services/extensions/node/extensionHostProcess.js:168:754)
	at Socket.define.constructor._socketDataListener.e (/usr/share/code/resources/app/out/vs/workbench/services/extensions/node/extensionHostProcess.js:168:960)
	at Socket.emit (events.js:182:13)
	at addChunk (_stream_readable.js:279:12)
	at readableAddChunk (_stream_readable.js:264:11)
	at Socket.Readable.push (_stream_readable.js:219:10)
	at Pipe.onread (net.js:636:20)
[2019-03-30 08:59:17.588] [renderer1] [error] Cannot read property 'indexOf' of undefined: TypeError: Cannot read property 'indexOf' of undefined
	at Config.normalizePath (/home/dave/.vscode/extensions/geequlim.godot-tools-0.3.7/out/src/config.js:47:18)
	at getHoverText (/home/dave/.vscode/extensions/geequlim.godot-tools-0.3.7/out/src/gdscript/hoverprovider.js:37:63)
	at genWorkspaceTips (/home/dave/.vscode/extensions/geequlim.godot-tools-0.3.7/out/src/gdscript/hoverprovider.js:62:47)
	at GDScriptHoverProvider.provideHover (/home/dave/.vscode/extensions/geequlim.godot-tools-0.3.7/out/src/gdscript/hoverprovider.js:162:9)
	at define.provideHover.a.asPromise (/usr/share/code/resources/app/out/vs/workbench/services/extensions/node/extensionHostProcess.js:563:397)
	at t.asPromise.Promise (/usr/share/code/resources/app/out/vs/workbench/services/extensions/node/extensionHostProcess.js:48:58)
	at new Promise (<anonymous>)
	at Object.t.asPromise (/usr/share/code/resources/app/out/vs/workbench/services/extensions/node/extensionHostProcess.js:48:32)
	at S.provideHover (/usr/share/code/resources/app/out/vs/workbench/services/extensions/node/extensionHostProcess.js:563:368)
	at define.$provideHover._withAdapter.e (/usr/share/code/resources/app/out/vs/workbench/services/extensions/node/extensionHostProcess.js:579:329)
	at $._withAdapter (/usr/share/code/resources/app/out/vs/workbench/services/extensions/node/extensionHostProcess.js:575:502)
	at $provideHover (/usr/share/code/resources/app/out/vs/workbench/services/extensions/node/extensionHostProcess.js:579:307)
	at h._doInvokeHandler (/usr/share/code/resources/app/out/vs/workbench/services/extensions/node/extensionHostProcess.js:593:118)
	at h._invokeHandler (/usr/share/code/resources/app/out/vs/workbench/services/extensions/node/extensionHostProcess.js:592:777)
	at h._receiveRequest (/usr/share/code/resources/app/out/vs/workbench/services/extensions/node/extensionHostProcess.js:591:383)
	at h._receiveOneMessage (/usr/share/code/resources/app/out/vs/workbench/services/extensions/node/extensionHostProcess.js:590:279)
	at define.constructor._protocol.onMessage.e (/usr/share/code/resources/app/out/vs/workbench/services/extensions/node/extensionHostProcess.js:588:565)
	at u.fire (/usr/share/code/resources/app/out/vs/workbench/services/extensions/node/extensionHostProcess.js:43:254)
	at e (/usr/share/code/resources/app/out/vs/workbench/services/extensions/node/extensionHostProcess.js:39:64)
	at u.fire (/usr/share/code/resources/app/out/vs/workbench/services/extensions/node/extensionHostProcess.js:43:254)
	at s (/usr/share/code/resources/app/out/vs/workbench/services/extensions/node/extensionHostProcess.js:168:754)
	at Socket.define.constructor._socketDataListener.e (/usr/share/code/resources/app/out/vs/workbench/services/extensions/node/extensionHostProcess.js:168:960)
	at Socket.emit (events.js:182:13)
	at addChunk (_stream_readable.js:279:12)
	at readableAddChunk (_stream_readable.js:264:11)
	at Socket.Readable.push (_stream_readable.js:219:10)
	at Pipe.onread (net.js:636:20)
[2019-03-30 08:59:19.193] [renderer1] [error] Cannot read property 'indexOf' of undefined: TypeError: Cannot read property 'indexOf' of undefined
	at Config.normalizePath (/home/dave/.vscode/extensions/geequlim.godot-tools-0.3.7/out/src/config.js:47:18)
	at getHoverText (/home/dave/.vscode/extensions/geequlim.godot-tools-0.3.7/out/src/gdscript/hoverprovider.js:37:63)
	at genWorkspaceTips (/home/dave/.vscode/extensions/geequlim.godot-tools-0.3.7/out/src/gdscript/hoverprovider.js:62:47)
	at GDScriptHoverProvider.provideHover (/home/dave/.vscode/extensions/geequlim.godot-tools-0.3.7/out/src/gdscript/hoverprovider.js:162:9)
	at define.provideHover.a.asPromise (/usr/share/code/resources/app/out/vs/workbench/services/extensions/node/extensionHostProcess.js:563:397)
	at t.asPromise.Promise (/usr/share/code/resources/app/out/vs/workbench/services/extensions/node/extensionHostProcess.js:48:58)
	at new Promise (<anonymous>)
	at Object.t.asPromise (/usr/share/code/resources/app/out/vs/workbench/services/extensions/node/extensionHostProcess.js:48:32)
	at S.provideHover (/usr/share/code/resources/app/out/vs/workbench/services/extensions/node/extensionHostProcess.js:563:368)
	at define.$provideHover._withAdapter.e (/usr/share/code/resources/app/out/vs/workbench/services/extensions/node/extensionHostProcess.js:579:329)
	at $._withAdapter (/usr/share/code/resources/app/out/vs/workbench/services/extensions/node/extensionHostProcess.js:575:502)
	at $provideHover (/usr/share/code/resources/app/out/vs/workbench/services/extensions/node/extensionHostProcess.js:579:307)
	at h._doInvokeHandler (/usr/share/code/resources/app/out/vs/workbench/services/extensions/node/extensionHostProcess.js:593:118)
	at h._invokeHandler (/usr/share/code/resources/app/out/vs/workbench/services/extensions/node/extensionHostProcess.js:592:777)
	at h._receiveRequest (/usr/share/code/resources/app/out/vs/workbench/services/extensions/node/extensionHostProcess.js:591:383)
	at h._receiveOneMessage (/usr/share/code/resources/app/out/vs/workbench/services/extensions/node/extensionHostProcess.js:590:279)
	at define.constructor._protocol.onMessage.e (/usr/share/code/resources/app/out/vs/workbench/services/extensions/node/extensionHostProcess.js:588:565)
	at u.fire (/usr/share/code/resources/app/out/vs/workbench/services/extensions/node/extensionHostProcess.js:43:254)
	at e (/usr/share/code/resources/app/out/vs/workbench/services/extensions/node/extensionHostProcess.js:39:64)
	at u.fire (/usr/share/code/resources/app/out/vs/workbench/services/extensions/node/extensionHostProcess.js:43:254)
	at s (/usr/share/code/resources/app/out/vs/workbench/services/extensions/node/extensionHostProcess.js:168:754)
	at Socket.define.constructor._socketDataListener.e (/usr/share/code/resources/app/out/vs/workbench/services/extensions/node/extensionHostProcess.js:168:960)
	at Socket.emit (events.js:182:13)
	at addChunk (_stream_readable.js:279:12)
	at readableAddChunk (_stream_readable.js:264:11)
	at Socket.Readable.push (_stream_readable.js:219:10)
	at Pipe.onread (net.js:636:20)
[2019-03-30 08:59:21.237] [renderer1] [error] Cannot read property 'indexOf' of undefined: TypeError: Cannot read property 'indexOf' of undefined
	at Config.normalizePath (/home/dave/.vscode/extensions/geequlim.godot-tools-0.3.7/out/src/config.js:47:18)
	at getHoverText (/home/dave/.vscode/extensions/geequlim.godot-tools-0.3.7/out/src/gdscript/hoverprovider.js:37:63)
	at genWorkspaceTips (/home/dave/.vscode/extensions/geequlim.godot-tools-0.3.7/out/src/gdscript/hoverprovider.js:62:47)
	at GDScriptHoverProvider.provideHover (/home/dave/.vscode/extensions/geequlim.godot-tools-0.3.7/out/src/gdscript/hoverprovider.js:162:9)
	at define.provideHover.a.asPromise (/usr/share/code/resources/app/out/vs/workbench/services/extensions/node/extensionHostProcess.js:563:397)
	at t.asPromise.Promise (/usr/share/code/resources/app/out/vs/workbench/services/extensions/node/extensionHostProcess.js:48:58)
	at new Promise (<anonymous>)
	at Object.t.asPromise (/usr/share/code/resources/app/out/vs/workbench/services/extensions/node/extensionHostProcess.js:48:32)
	at S.provideHover (/usr/share/code/resources/app/out/vs/workbench/services/extensions/node/extensionHostProcess.js:563:368)
	at define.$provideHover._withAdapter.e (/usr/share/code/resources/app/out/vs/workbench/services/extensions/node/extensionHostProcess.js:579:329)
	at $._withAdapter (/usr/share/code/resources/app/out/vs/workbench/services/extensions/node/extensionHostProcess.js:575:502)
	at $provideHover (/usr/share/code/resources/app/out/vs/workbench/services/extensions/node/extensionHostProcess.js:579:307)
	at h._doInvokeHandler (/usr/share/code/resources/app/out/vs/workbench/services/extensions/node/extensionHostProcess.js:593:118)
	at h._invokeHandler (/usr/share/code/resources/app/out/vs/workbench/services/extensions/node/extensionHostProcess.js:592:777)
	at h._receiveRequest (/usr/share/code/resources/app/out/vs/workbench/services/extensions/node/extensionHostProcess.js:591:383)
	at h._receiveOneMessage (/usr/share/code/resources/app/out/vs/workbench/services/extensions/node/extensionHostProcess.js:590:279)
	at define.constructor._protocol.onMessage.e (/usr/share/code/resources/app/out/vs/workbench/services/extensions/node/extensionHostProcess.js:588:565)
	at u.fire (/usr/share/code/resources/app/out/vs/workbench/services/extensions/node/extensionHostProcess.js:43:254)
	at e (/usr/share/code/resources/app/out/vs/workbench/services/extensions/node/extensionHostProcess.js:39:64)
	at u.fire (/usr/share/code/resources/app/out/vs/workbench/services/extensions/node/extensionHostProcess.js:43:254)
	at s (/usr/share/code/resources/app/out/vs/workbench/services/extensions/node/extensionHostProcess.js:168:754)
	at Socket.define.constructor._socketDataListener.e (/usr/share/code/resources/app/out/vs/workbench/services/extensions/node/extensionHostProcess.js:168:960)
	at Socket.emit (events.js:182:13)
	at addChunk (_stream_readable.js:279:12)
	at readableAddChunk (_stream_readable.js:264:11)
	at Socket.Readable.push (_stream_readable.js:219:10)
	at Pipe.onread (net.js:636:20)
[2019-03-30 09:03:12.585] [renderer1] [error] Cannot read property 'indexOf' of undefined: TypeError: Cannot read property 'indexOf' of undefined
	at Config.normalizePath (/home/dave/.vscode/extensions/geequlim.godot-tools-0.3.7/out/src/config.js:47:18)
	at Config.getWorkspaceCompletionItems (/home/dave/.vscode/extensions/geequlim.godot-tools-0.3.7/out/src/config.js:165:35)
	at GDScriptCompletionItemProvider.provideCompletionItems (/home/dave/.vscode/extensions/geequlim.godot-tools-0.3.7/out/src/gdscript/completion.js:35:49)
	at define.provideCompletionItems.a.asPromise (/usr/share/code/resources/app/out/vs/workbench/services/extensions/node/extensionHostProcess.js:569:293)
	at t.asPromise.Promise (/usr/share/code/resources/app/out/vs/workbench/services/extensions/node/extensionHostProcess.js:48:58)
	at new Promise (<anonymous>)
	at Object.t.asPromise (/usr/share/code/resources/app/out/vs/workbench/services/extensions/node/extensionHostProcess.js:48:32)
	at O.provideCompletionItems (/usr/share/code/resources/app/out/vs/workbench/services/extensions/node/extensionHostProcess.js:569:264)
	at define.$provideCompletionItems._withAdapter.e (/usr/share/code/resources/app/out/vs/workbench/services/extensions/node/extensionHostProcess.js:582:811)
	at $._withAdapter (/usr/share/code/resources/app/out/vs/workbench/services/extensions/node/extensionHostProcess.js:575:502)
	at $provideCompletionItems (/usr/share/code/resources/app/out/vs/workbench/services/extensions/node/extensionHostProcess.js:582:789)
	at h._doInvokeHandler (/usr/share/code/resources/app/out/vs/workbench/services/extensions/node/extensionHostProcess.js:593:118)
	at h._invokeHandler (/usr/share/code/resources/app/out/vs/workbench/services/extensions/node/extensionHostProcess.js:592:777)
	at h._receiveRequest (/usr/share/code/resources/app/out/vs/workbench/services/extensions/node/extensionHostProcess.js:591:383)
	at h._receiveOneMessage (/usr/share/code/resources/app/out/vs/workbench/services/extensions/node/extensionHostProcess.js:590:279)
	at define.constructor._protocol.onMessage.e (/usr/share/code/resources/app/out/vs/workbench/services/extensions/node/extensionHostProcess.js:588:565)
	at u.fire (/usr/share/code/resources/app/out/vs/workbench/services/extensions/node/extensionHostProcess.js:43:254)
	at e (/usr/share/code/resources/app/out/vs/workbench/services/extensions/node/extensionHostProcess.js:39:64)
	at u.fire (/usr/share/code/resources/app/out/vs/workbench/services/extensions/node/extensionHostProcess.js:43:254)
	at s (/usr/share/code/resources/app/out/vs/workbench/services/extensions/node/extensionHostProcess.js:168:754)
	at Socket.define.constructor._socketDataListener.e (/usr/share/code/resources/app/out/vs/workbench/services/extensions/node/extensionHostProcess.js:168:960)
	at Socket.emit (events.js:182:13)
	at addChunk (_stream_readable.js:279:12)
	at readableAddChunk (_stream_readable.js:264:11)
	at Socket.Readable.push (_stream_readable.js:219:10)
	at Pipe.onread (net.js:636:20)
[2019-03-30 09:05:01.649] [renderer1] [error] Cannot read property 'indexOf' of undefined: TypeError: Cannot read property 'indexOf' of undefined
	at Config.normalizePath (/home/dave/.vscode/extensions/geequlim.godot-tools-0.3.7/out/src/config.js:47:18)
	at getHoverText (/home/dave/.vscode/extensions/geequlim.godot-tools-0.3.7/out/src/gdscript/hoverprovider.js:37:63)
	at genWorkspaceTips (/home/dave/.vscode/extensions/geequlim.godot-tools-0.3.7/out/src/gdscript/hoverprovider.js:62:47)
	at GDScriptHoverProvider.provideHover (/home/dave/.vscode/extensions/geequlim.godot-tools-0.3.7/out/src/gdscript/hoverprovider.js:162:9)
	at define.provideHover.a.asPromise (/usr/share/code/resources/app/out/vs/workbench/services/extensions/node/extensionHostProcess.js:563:397)
	at t.asPromise.Promise (/usr/share/code/resources/app/out/vs/workbench/services/extensions/node/extensionHostProcess.js:48:58)
	at new Promise (<anonymous>)
	at Object.t.asPromise (/usr/share/code/resources/app/out/vs/workbench/services/extensions/node/extensionHostProcess.js:48:32)
	at S.provideHover (/usr/share/code/resources/app/out/vs/workbench/services/extensions/node/extensionHostProcess.js:563:368)
	at define.$provideHover._withAdapter.e (/usr/share/code/resources/app/out/vs/workbench/services/extensions/node/extensionHostProcess.js:579:329)
	at $._withAdapter (/usr/share/code/resources/app/out/vs/workbench/services/extensions/node/extensionHostProcess.js:575:502)
	at $provideHover (/usr/share/code/resources/app/out/vs/workbench/services/extensions/node/extensionHostProcess.js:579:307)
	at h._doInvokeHandler (/usr/share/code/resources/app/out/vs/workbench/services/extensions/node/extensionHostProcess.js:593:118)
	at h._invokeHandler (/usr/share/code/resources/app/out/vs/workbench/services/extensions/node/extensionHostProcess.js:592:777)
	at h._receiveRequest (/usr/share/code/resources/app/out/vs/workbench/services/extensions/node/extensionHostProcess.js:591:383)
	at h._receiveOneMessage (/usr/share/code/resources/app/out/vs/workbench/services/extensions/node/extensionHostProcess.js:590:279)
	at define.constructor._protocol.onMessage.e (/usr/share/code/resources/app/out/vs/workbench/services/extensions/node/extensionHostProcess.js:588:565)
	at u.fire (/usr/share/code/resources/app/out/vs/workbench/services/extensions/node/extensionHostProcess.js:43:254)
	at e (/usr/share/code/resources/app/out/vs/workbench/services/extensions/node/extensionHostProcess.js:39:64)
	at u.fire (/usr/share/code/resources/app/out/vs/workbench/services/extensions/node/extensionHostProcess.js:43:254)
	at s (/usr/share/code/resources/app/out/vs/workbench/services/extensions/node/extensionHostProcess.js:168:754)
	at Socket.define.constructor._socketDataListener.e (/usr/share/code/resources/app/out/vs/workbench/services/extensions/node/extensionHostProcess.js:168:960)
	at Socket.emit (events.js:182:13)
	at addChunk (_stream_readable.js:279:12)
	at readableAddChunk (_stream_readable.js:264:11)
	at Socket.Readable.push (_stream_readable.js:219:10)
	at Pipe.onread (net.js:636:20)
[2019-03-30 09:18:18.696] [renderer1] [error] Cannot read property 'indexOf' of undefined: TypeError: Cannot read property 'indexOf' of undefined
	at Config.normalizePath (/home/dave/.vscode/extensions/geequlim.godot-tools-0.3.7/out/src/config.js:47:18)
	at Config.getWorkspaceCompletionItems (/home/dave/.vscode/extensions/geequlim.godot-tools-0.3.7/out/src/config.js:165:35)
	at GDScriptCompletionItemProvider.provideCompletionItems (/home/dave/.vscode/extensions/geequlim.godot-tools-0.3.7/out/src/gdscript/completion.js:35:49)
	at define.provideCompletionItems.a.asPromise (/usr/share/code/resources/app/out/vs/workbench/services/extensions/node/extensionHostProcess.js:569:293)
	at t.asPromise.Promise (/usr/share/code/resources/app/out/vs/workbench/services/extensions/node/extensionHostProcess.js:48:58)
	at new Promise (<anonymous>)
	at Object.t.asPromise (/usr/share/code/resources/app/out/vs/workbench/services/extensions/node/extensionHostProcess.js:48:32)
	at O.provideCompletionItems (/usr/share/code/resources/app/out/vs/workbench/services/extensions/node/extensionHostProcess.js:569:264)
	at define.$provideCompletionItems._withAdapter.e (/usr/share/code/resources/app/out/vs/workbench/services/extensions/node/extensionHostProcess.js:582:811)
	at $._withAdapter (/usr/share/code/resources/app/out/vs/workbench/services/extensions/node/extensionHostProcess.js:575:502)
	at $provideCompletionItems (/usr/share/code/resources/app/out/vs/workbench/services/extensions/node/extensionHostProcess.js:582:789)
	at h._doInvokeHandler (/usr/share/code/resources/app/out/vs/workbench/services/extensions/node/extensionHostProcess.js:593:118)
	at h._invokeHandler (/usr/share/code/resources/app/out/vs/workbench/services/extensions/node/extensionHostProcess.js:592:777)
	at h._receiveRequest (/usr/share/code/resources/app/out/vs/workbench/services/extensions/node/extensionHostProcess.js:591:383)
	at h._receiveOneMessage (/usr/share/code/resources/app/out/vs/workbench/services/extensions/node/extensionHostProcess.js:590:279)
	at define.constructor._protocol.onMessage.e (/usr/share/code/resources/app/out/vs/workbench/services/extensions/node/extensionHostProcess.js:588:565)
	at u.fire (/usr/share/code/resources/app/out/vs/workbench/services/extensions/node/extensionHostProcess.js:43:254)
	at e (/usr/share/code/resources/app/out/vs/workbench/services/extensions/node/extensionHostProcess.js:39:64)
	at u.fire (/usr/share/code/resources/app/out/vs/workbench/services/extensions/node/extensionHostProcess.js:43:254)
	at s (/usr/share/code/resources/app/out/vs/workbench/services/extensions/node/extensionHostProcess.js:168:754)
	at Socket.define.constructor._socketDataListener.e (/usr/share/code/resources/app/out/vs/workbench/services/extensions/node/extensionHostProcess.js:168:960)
	at Socket.emit (events.js:182:13)
	at addChunk (_stream_readable.js:279:12)
	at readableAddChunk (_stream_readable.js:264:11)
	at Socket.Readable.push (_stream_readable.js:219:10)
	at Pipe.onread (net.js:636:20)
